This is pdfTeX, Version 3.14159265-2.6-1.40.20 (MiKTeX 2.9.7000 64-bit) (preloaded format=pdflatex 2019.4.20)  9 NOV 2019 10:25
entering extended mode
**./files.tex
(files.tex
LaTeX2e <2018-12-01>
! Undefined control sequence.
l.1 \doxysection
                {File List}
The control sequence at the end of the top line
of your error message was never \def'ed. If you have
misspelled it (e.g., `\hobx'), type `I' and the correct
spelling (e.g., `I\hbox'). Otherwise just continue,
and I'll forget about whatever was undefined.


! LaTeX Error: Missing \begin{document}.

See the LaTeX manual or LaTeX Companion for explanation.
Type  H <return>  for immediate help.
 ...                                              
                                                  
l.1 \doxysection{F
                  ile List}
You're in trouble here.  Try typing  <return>  to proceed.
If that doesn't work, type  X <return>  to quit.

Missing character: There is no F in font nullfont!
Missing character: There is no i in font nullfont!
Missing character: There is no l in font nullfont!
Missing character: There is no e in font nullfont!
Missing character: There is no L in font nullfont!
Missing character: There is no i in font nullfont!
Missing character: There is no s in font nullfont!
Missing character: There is no t in font nullfont!
Missing character: There is no H in font nullfont!
Missing character: There is no e in font nullfont!
Missing character: There is no r in font nullfont!
Missing character: There is no e in font nullfont!
Missing character: There is no i in font nullfont!
Missing character: There is no s in font nullfont!
Missing character: There is no a in font nullfont!
Missing character: There is no l in font nullfont!
Missing character: There is no i in font nullfont!
Missing character: There is no s in font nullfont!
Missing character: There is no t in font nullfont!
Missing character: There is no o in font nullfont!
Missing character: There is no f in font nullfont!
Missing character: There is no a in font nullfont!
Missing character: There is no l in font nullfont!
Missing character: There is no l in font nullfont!
Missing character: There is no f in font nullfont!
Missing character: There is no i in font nullfont!
Missing character: There is no l in font nullfont!
Missing character: There is no e in font nullfont!
Missing character: There is no s in font nullfont!
Missing character: There is no w in font nullfont!
Missing character: There is no i in font nullfont!
Missing character: There is no t in font nullfont!
Missing character: There is no h in font nullfont!
Missing character: There is no b in font nullfont!
Missing character: There is no r in font nullfont!
Missing character: There is no i in font nullfont!
Missing character: There is no e in font nullfont!
Missing character: There is no f in font nullfont!
Missing character: There is no d in font nullfont!
Missing character: There is no e in font nullfont!
Missing character: There is no s in font nullfont!
Missing character: There is no c in font nullfont!
Missing character: There is no r in font nullfont!
Missing character: There is no i in font nullfont!
Missing character: There is no p in font nullfont!
Missing character: There is no t in font nullfont!
Missing character: There is no i in font nullfont!
Missing character: There is no o in font nullfont!
Missing character: There is no n in font nullfont!
Missing character: There is no s in font nullfont!
! Undefined control sequence.
l.2 ...list of all files with brief descriptions\+
                                                  :\begin{DoxyCompactList}
The control sequence at the end of the top line
of your error message was never \def'ed. If you have
misspelled it (e.g., `\hobx'), type `I' and the correct
spelling (e.g., `I\hbox'). Otherwise just continue,
and I'll forget about whatever was undefined.

Missing character: There is no : in font nullfont!

! LaTeX Error: Environment DoxyCompactList undefined.

See the LaTeX manual or LaTeX Companion for explanation.
Type  H <return>  for immediate help.
 ...                                              
                                                  
l.2 ...rief descriptions\+:\begin{DoxyCompactList}
                                                  
Your command was ignored.
Type  I <command> <return>  to replace it with another command,
or  <return>  to continue without it.


Overfull \hbox (20.0pt too wide) in paragraph at lines 1--3
[]
 []


! LaTeX Error: Lonely \item--perhaps a missing list environment.

See the LaTeX manual or LaTeX Companion for explanation.
Type  H <return>  for immediate help.
 ...                                              
                                                  
l.3 \item\contentsline
                      {section}{C\+:/\+Users/bruno/\+Documents/\+Line\+Follo...

Try typing  <return>  to proceed.
If that doesn't work, type  X <return>  to quit.

Missing character: There is no C in font nullfont!
! Undefined control sequence.
l.3 \item\contentsline{section}{C\+
                                   :/\+Users/bruno/\+Documents/\+Line\+Follo...
The control sequence at the end of the top line
of your error message was never \def'ed. If you have
misspelled it (e.g., `\hobx'), type `I' and the correct
spelling (e.g., `I\hbox'). Otherwise just continue,
and I'll forget about whatever was undefined.

Missing character: There is no : in font nullfont!
Missing character: There is no / in font nullfont!
! Undefined control sequence.
l.3 \item\contentsline{section}{C\+:/\+
                                       Users/bruno/\+Documents/\+Line\+Follo...
The control sequence at the end of the top line
of your error message was never \def'ed. If you have
misspelled it (e.g., `\hobx'), type `I' and the correct
spelling (e.g., `I\hbox'). Otherwise just continue,
and I'll forget about whatever was undefined.

Missing character: There is no U in font nullfont!
Missing character: There is no s in font nullfont!
Missing character: There is no e in font nullfont!
Missing character: There is no r in font nullfont!
Missing character: There is no s in font nullfont!
Missing character: There is no / in font nullfont!
Missing character: There is no b in font nullfont!
Missing character: There is no r in font nullfont!
Missing character: There is no u in font nullfont!
Missing character: There is no n in font nullfont!
Missing character: There is no o in font nullfont!
Missing character: There is no / in font nullfont!
! Undefined control sequence.
l.3 ...contentsline{section}{C\+:/\+Users/bruno/\+
                                                  Documents/\+Line\+Follower...
The control sequence at the end of the top line
of your error message was never \def'ed. If you have
misspelled it (e.g., `\hobx'), type `I' and the correct
spelling (e.g., `I\hbox'). Otherwise just continue,
and I'll forget about whatever was undefined.

Missing character: There is no D in font nullfont!
Missing character: There is no o in font nullfont!
Missing character: There is no c in font nullfont!
Missing character: There is no u in font nullfont!
Missing character: There is no m in font nullfont!
Missing character: There is no e in font nullfont!
Missing character: There is no n in font nullfont!
Missing character: There is no t in font nullfont!
Missing character: There is no s in font nullfont!
Missing character: There is no / in font nullfont!
! Undefined control sequence.
l.3 ...{section}{C\+:/\+Users/bruno/\+Documents/\+
                                                  Line\+Follower/\+Project\+...
The control sequence at the end of the top line
of your error message was never \def'ed. If you have
misspelled it (e.g., `\hobx'), type `I' and the correct
spelling (e.g., `I\hbox'). Otherwise just continue,
and I'll forget about whatever was undefined.

Missing character: There is no L in font nullfont!
Missing character: There is no i in font nullfont!
Missing character: There is no n in font nullfont!
Missing character: There is no e in font nullfont!
! Undefined control sequence.
l.3 ...on}{C\+:/\+Users/bruno/\+Documents/\+Line\+
                                                  Follower/\+Project\+\_\+u\...
The control sequence at the end of the top line
of your error message was never \def'ed. If you have
misspelled it (e.g., `\hobx'), type `I' and the correct
spelling (e.g., `I\hbox'). Otherwise just continue,
and I'll forget about whatever was undefined.

Missing character: There is no F in font nullfont!
Missing character: There is no o in font nullfont!
Missing character: There is no l in font nullfont!
Missing character: There is no l in font nullfont!
Missing character: There is no o in font nullfont!
Missing character: There is no w in font nullfont!
Missing character: There is no e in font nullfont!
Missing character: There is no r in font nullfont!
Missing character: There is no / in font nullfont!
! Undefined control sequence.
l.3 ...Users/bruno/\+Documents/\+Line\+Follower/\+
                                                  Project\+\_\+u\+Vision/\+L...
The control sequence at the end of the top line
of your error message was never \def'ed. If you have
misspelled it (e.g., `\hobx'), type `I' and the correct
spelling (e.g., `I\hbox'). Otherwise just continue,
and I'll forget about whatever was undefined.

Missing character: There is no P in font nullfont!
Missing character: There is no r in font nullfont!
Missing character: There is no o in font nullfont!
Missing character: There is no j in font nullfont!
Missing character: There is no e in font nullfont!
Missing character: There is no c in font nullfont!
Missing character: There is no t in font nullfont!
! Undefined control sequence.
l.3 ...no/\+Documents/\+Line\+Follower/\+Project\+
                                                  \_\+u\+Vision/\+Line\+Foll...
The control sequence at the end of the top line
of your error message was never \def'ed. If you have
misspelled it (e.g., `\hobx'), type `I' and the correct
spelling (e.g., `I\hbox'). Otherwise just continue,
and I'll forget about whatever was undefined.

! Undefined control sequence.
l.3 ...+Documents/\+Line\+Follower/\+Project\+\_\+
                                                  u\+Vision/\+Line\+Follower...
The control sequence at the end of the top line
of your error message was never \def'ed. If you have
misspelled it (e.g., `\hobx'), type `I' and the correct
spelling (e.g., `I\hbox'). Otherwise just continue,
and I'll forget about whatever was undefined.

Missing character: There is no u in font nullfont!
! Undefined control sequence.
l.3 ...cuments/\+Line\+Follower/\+Project\+\_\+u\+
                                                  Vision/\+Line\+Follower/\m...
The control sequence at the end of the top line
of your error message was never \def'ed. If you have
misspelled it (e.g., `\hobx'), type `I' and the correct
spelling (e.g., `I\hbox'). Otherwise just continue,
and I'll forget about whatever was undefined.

Missing character: There is no V in font nullfont!
Missing character: There is no i in font nullfont!
Missing character: There is no s in font nullfont!
Missing character: There is no i in font nullfont!
Missing character: There is no o in font nullfont!
Missing character: There is no n in font nullfont!
Missing character: There is no / in font nullfont!
! Undefined control sequence.
l.3 ...+Line\+Follower/\+Project\+\_\+u\+Vision/\+
                                                  Line\+Follower/\mbox{\hype...
The control sequence at the end of the top line
of your error message was never \def'ed. If you have
misspelled it (e.g., `\hobx'), type `I' and the correct
spelling (e.g., `I\hbox'). Otherwise just continue,
and I'll forget about whatever was undefined.

Missing character: There is no L in font nullfont!
Missing character: There is no i in font nullfont!
Missing character: There is no n in font nullfont!
Missing character: There is no e in font nullfont!
! Undefined control sequence.
l.3 ...+Follower/\+Project\+\_\+u\+Vision/\+Line\+
                                                  Follower/\mbox{\hyperlink{...
The control sequence at the end of the top line
of your error message was never \def'ed. If you have
misspelled it (e.g., `\hobx'), type `I' and the correct
spelling (e.g., `I\hbox'). Otherwise just continue,
and I'll forget about whatever was undefined.

Missing character: There is no F in font nullfont!
Missing character: There is no o in font nullfont!
Missing character: There is no l in font nullfont!
Missing character: There is no l in font nullfont!
Missing character: There is no o in font nullfont!
Missing character: There is no w in font nullfont!
Missing character: There is no e in font nullfont!
Missing character: There is no r in font nullfont!
Missing character: There is no / in font nullfont!
! Undefined control sequence.
<argument> \hyperlink 
                      {_a_d_c_8cpp}{A\+D\+C.\+cpp}
l.3 ...box{\hyperlink{_a_d_c_8cpp}{A\+D\+C.\+cpp}}
                                                   }{\pageref{_a_d_c_8cpp}}{}
The control sequence at the end of the top line
of your error message was never \def'ed. If you have
misspelled it (e.g., `\hobx'), type `I' and the correct
spelling (e.g., `I\hbox'). Otherwise just continue,
and I'll forget about whatever was undefined.

! Missing $ inserted.
<inserted text> 
                $
l.3 ...box{\hyperlink{_a_d_c_8cpp}{A\+D\+C.\+cpp}}
                                                   }{\pageref{_a_d_c_8cpp}}{}
I've inserted a begin-math/end-math symbol since I think
you left one out. Proceed, with fingers crossed.

LaTeX Font Info:    External font `cmex10' loaded for size
(Font)              <7> on input line 3.
LaTeX Font Info:    External font `cmex10' loaded for size
(Font)              <5> on input line 3.
! Double subscript.
<argument> \hyperlink {_a_
                          d_c_8cpp}{A\+D\+C.\+cpp}
l.3 ...box{\hyperlink{_a_d_c_8cpp}{A\+D\+C.\+cpp}}
                                                   }{\pageref{_a_d_c_8cpp}}{}
I treat `x_1_2' essentially like `x_1{}_2'.

! Double subscript.
<argument> \hyperlink {_a_d_
                            c_8cpp}{A\+D\+C.\+cpp}
l.3 ...box{\hyperlink{_a_d_c_8cpp}{A\+D\+C.\+cpp}}
                                                   }{\pageref{_a_d_c_8cpp}}{}
I treat `x_1_2' essentially like `x_1{}_2'.

! Double subscript.
<argument> \hyperlink {_a_d_c_
                              8cpp}{A\+D\+C.\+cpp}
l.3 ...box{\hyperlink{_a_d_c_8cpp}{A\+D\+C.\+cpp}}
                                                   }{\pageref{_a_d_c_8cpp}}{}
I treat `x_1_2' essentially like `x_1{}_2'.

! Extra }, or forgotten $.
<argument> \hyperlink {_a_d_c_8cpp}
                                   {A\+D\+C.\+cpp}
l.3 ...box{\hyperlink{_a_d_c_8cpp}{A\+D\+C.\+cpp}}
                                                   }{\pageref{_a_d_c_8cpp}}{}
I've deleted a group-closing symbol because it seems to be
spurious, as in `$x}$'. But perhaps the } is legitimate and
you forgot something else, as in `\hbox{$x}'. In such cases
the way to recover is to insert both the forgotten and the
deleted material, e.g., by typing `I$}'.

! Undefined control sequence.
<argument> \hyperlink {_a_d_c_8cpp}{A\+
                                       D\+C.\+cpp}
l.3 ...box{\hyperlink{_a_d_c_8cpp}{A\+D\+C.\+cpp}}
                                                   }{\pageref{_a_d_c_8cpp}}{}
The control sequence at the end of the top line
of your error message was never \def'ed. If you have
misspelled it (e.g., `\hobx'), type `I' and the correct
spelling (e.g., `I\hbox'). Otherwise just continue,
and I'll forget about whatever was undefined.

! Undefined control sequence.
<argument> \hyperlink {_a_d_c_8cpp}{A\+D\+
                                          C.\+cpp}
l.3 ...box{\hyperlink{_a_d_c_8cpp}{A\+D\+C.\+cpp}}
                                                   }{\pageref{_a_d_c_8cpp}}{}
The control sequence at the end of the top line
of your error message was never \def'ed. If you have
misspelled it (e.g., `\hobx'), type `I' and the correct
spelling (e.g., `I\hbox'). Otherwise just continue,
and I'll forget about whatever was undefined.

! Undefined control sequence.
<argument> \hyperlink {_a_d_c_8cpp}{A\+D\+C.\+
                                              cpp}
l.3 ...box{\hyperlink{_a_d_c_8cpp}{A\+D\+C.\+cpp}}
                                                   }{\pageref{_a_d_c_8cpp}}{}
The control sequence at the end of the top line
of your error message was never \def'ed. If you have
misspelled it (e.g., `\hobx'), type `I' and the correct
spelling (e.g., `I\hbox'). Otherwise just continue,
and I'll forget about whatever was undefined.

! Extra }, or forgotten $.
\mbox #1->\leavevmode \hbox {#1}
                                
l.3 ...box{\hyperlink{_a_d_c_8cpp}{A\+D\+C.\+cpp}}
                                                   }{\pageref{_a_d_c_8cpp}}{}
I've deleted a group-closing symbol because it seems to be
spurious, as in `$x}$'. But perhaps the } is legitimate and
you forgot something else, as in `\hbox{$x}'. In such cases
the way to recover is to insert both the forgotten and the
deleted material, e.g., by typing `I$}'.

! Extra }, or forgotten $.
l.3 ...x{\hyperlink{_a_d_c_8cpp}{A\+D\+C.\+cpp}} }
                                                  {\pageref{_a_d_c_8cpp}}{}
I've deleted a group-closing symbol because it seems to be
spurious, as in `$x}$'. But perhaps the } is legitimate and
you forgot something else, as in `\hbox{$x}'. In such cases
the way to recover is to insert both the forgotten and the
deleted material, e.g., by typing `I$}'.

! Undefined control sequence.
<write> ...ference `_a_d_c_8cpp' on page \thepage 
                                                  \space undefined\on@line .
l.3 ...pp}{A\+D\+C.\+cpp}} }{\pageref{_a_d_c_8cpp}
                                                  }{}
The control sequence at the end of the top line
of your error message was never \def'ed. If you have
misspelled it (e.g., `\hobx'), type `I' and the correct
spelling (e.g., `I\hbox'). Otherwise just continue,
and I'll forget about whatever was undefined.


LaTeX Warning: Reference `_a_d_c_8cpp' on page  undefined on input line 3.


! LaTeX Error: Command \item invalid in math mode.

See the LaTeX manual or LaTeX Companion for explanation.
Type  H <return>  for immediate help.
 ...                                              
                                                  
l.4 \item
         \contentsline{section}{C\+:/\+Users/bruno/\+Documents/\+Line\+Follo...

Try typing  <return>  to proceed.
If that doesn't work, type  X <return>  to quit.


! LaTeX Error: Something's wrong--perhaps a missing \item.

See the LaTeX manual or LaTeX Companion for explanation.
Type  H <return>  for immediate help.
 ...                                              
                                                  
l.4 \item\contentsline
                      {section}{C\+:/\+Users/bruno/\+Documents/\+Line\+Follo...

Try typing  <return>  to proceed.
If that doesn't work, type  X <return>  to quit.


! LaTeX Error: Something's wrong--perhaps a missing \item.

See the LaTeX manual or LaTeX Companion for explanation.
Type  H <return>  for immediate help.
 ...                                              
                                                  
l.4 \item\contentsline
                      {section}{C\+:/\+Users/bruno/\+Documents/\+Line\+Follo...

Try typing  <return>  to proceed.
If that doesn't work, type  X <return>  to quit.


! LaTeX Error: Lonely \item--perhaps a missing list environment.

See the LaTeX manual or LaTeX Companion for explanation.
Type  H <return>  for immediate help.
 ...                                              
                                                  
l.4 \item\contentsline
                      {section}{C\+:/\+Users/bruno/\+Documents/\+Line\+Follo...

Try typing  <return>  to proceed.
If that doesn't work, type  X <return>  to quit.

! Undefined control sequence.
l.4 \item\contentsline{section}{C\+
                                   :/\+Users/bruno/\+Documents/\+Line\+Follo...
The control sequence at the end of the top line
of your error message was never \def'ed. If you have
misspelled it (e.g., `\hobx'), type `I' and the correct
spelling (e.g., `I\hbox'). Otherwise just continue,
and I'll forget about whatever was undefined.

! Undefined control sequence.
l.4 \item\contentsline{section}{C\+:/\+
                                       Users/bruno/\+Documents/\+Line\+Follo...
The control sequence at the end of the top line
of your error message was never \def'ed. If you have
misspelled it (e.g., `\hobx'), type `I' and the correct
spelling (e.g., `I\hbox'). Otherwise just continue,
and I'll forget about whatever was undefined.

! Undefined control sequence.
l.4 ...contentsline{section}{C\+:/\+Users/bruno/\+
                                                  Documents/\+Line\+Follower...
The control sequence at the end of the top line
of your error message was never \def'ed. If you have
misspelled it (e.g., `\hobx'), type `I' and the correct
spelling (e.g., `I\hbox'). Otherwise just continue,
and I'll forget about whatever was undefined.

! Undefined control sequence.
l.4 ...{section}{C\+:/\+Users/bruno/\+Documents/\+
                                                  Line\+Follower/\+Project\+...
The control sequence at the end of the top line
of your error message was never \def'ed. If you have
misspelled it (e.g., `\hobx'), type `I' and the correct
spelling (e.g., `I\hbox'). Otherwise just continue,
and I'll forget about whatever was undefined.

! Undefined control sequence.
l.4 ...on}{C\+:/\+Users/bruno/\+Documents/\+Line\+
                                                  Follower/\+Project\+\_\+u\...
The control sequence at the end of the top line
of your error message was never \def'ed. If you have
misspelled it (e.g., `\hobx'), type `I' and the correct
spelling (e.g., `I\hbox'). Otherwise just continue,
and I'll forget about whatever was undefined.

! Undefined control sequence.
l.4 ...Users/bruno/\+Documents/\+Line\+Follower/\+
                                                  Project\+\_\+u\+Vision/\+L...
The control sequence at the end of the top line
of your error message was never \def'ed. If you have
misspelled it (e.g., `\hobx'), type `I' and the correct
spelling (e.g., `I\hbox'). Otherwise just continue,
and I'll forget about whatever was undefined.

! Undefined control sequence.
l.4 ...no/\+Documents/\+Line\+Follower/\+Project\+
                                                  \_\+u\+Vision/\+Line\+Foll...
The control sequence at the end of the top line
of your error message was never \def'ed. If you have
misspelled it (e.g., `\hobx'), type `I' and the correct
spelling (e.g., `I\hbox'). Otherwise just continue,
and I'll forget about whatever was undefined.

! Undefined control sequence.
l.4 ...+Documents/\+Line\+Follower/\+Project\+\_\+
                                                  u\+Vision/\+Line\+Follower...
The control sequence at the end of the top line
of your error message was never \def'ed. If you have
misspelled it (e.g., `\hobx'), type `I' and the correct
spelling (e.g., `I\hbox'). Otherwise just continue,
and I'll forget about whatever was undefined.

! Undefined control sequence.
l.4 ...cuments/\+Line\+Follower/\+Project\+\_\+u\+
                                                  Vision/\+Line\+Follower/\m...
The control sequence at the end of the top line
of your error message was never \def'ed. If you have
misspelled it (e.g., `\hobx'), type `I' and the correct
spelling (e.g., `I\hbox'). Otherwise just continue,
and I'll forget about whatever was undefined.

! Undefined control sequence.
l.4 ...+Line\+Follower/\+Project\+\_\+u\+Vision/\+
                                                  Line\+Follower/\mbox{\hype...
The control sequence at the end of the top line
of your error message was never \def'ed. If you have
misspelled it (e.g., `\hobx'), type `I' and the correct
spelling (e.g., `I\hbox'). Otherwise just continue,
and I'll forget about whatever was undefined.

! Undefined control sequence.
l.4 ...+Follower/\+Project\+\_\+u\+Vision/\+Line\+
                                                  Follower/\mbox{\hyperlink{...
The control sequence at the end of the top line
of your error message was never \def'ed. If you have
misspelled it (e.g., `\hobx'), type `I' and the correct
spelling (e.g., `I\hbox'). Otherwise just continue,
and I'll forget about whatever was undefined.

! Undefined control sequence.
<argument> \hyperlink 
                      {_a_d_c_8h}{A\+D\+C.\+h}
l.4 ...r/\mbox{\hyperlink{_a_d_c_8h}{A\+D\+C.\+h}}
                                                   }{\pageref{_a_d_c_8h}}{}
The control sequence at the end of the top line
of your error message was never \def'ed. If you have
misspelled it (e.g., `\hobx'), type `I' and the correct
spelling (e.g., `I\hbox'). Otherwise just continue,
and I'll forget about whatever was undefined.

! Missing $ inserted.
<inserted text> 
                $
l.4 ...r/\mbox{\hyperlink{_a_d_c_8h}{A\+D\+C.\+h}}
                                                   }{\pageref{_a_d_c_8h}}{}
I've inserted a begin-math/end-math symbol since I think
you left one out. Proceed, with fingers crossed.

! Double subscript.
<argument> \hyperlink {_a_
                          d_c_8h}{A\+D\+C.\+h}
l.4 ...r/\mbox{\hyperlink{_a_d_c_8h}{A\+D\+C.\+h}}
                                                   }{\pageref{_a_d_c_8h}}{}
I treat `x_1_2' essentially like `x_1{}_2'.

! Double subscript.
<argument> \hyperlink {_a_d_
                            c_8h}{A\+D\+C.\+h}
l.4 ...r/\mbox{\hyperlink{_a_d_c_8h}{A\+D\+C.\+h}}
                                                   }{\pageref{_a_d_c_8h}}{}
I treat `x_1_2' essentially like `x_1{}_2'.

! Double subscript.
<argument> \hyperlink {_a_d_c_
                              8h}{A\+D\+C.\+h}
l.4 ...r/\mbox{\hyperlink{_a_d_c_8h}{A\+D\+C.\+h}}
                                                   }{\pageref{_a_d_c_8h}}{}
I treat `x_1_2' essentially like `x_1{}_2'.

! Extra }, or forgotten $.
<argument> \hyperlink {_a_d_c_8h}
                                 {A\+D\+C.\+h}
l.4 ...r/\mbox{\hyperlink{_a_d_c_8h}{A\+D\+C.\+h}}
                                                   }{\pageref{_a_d_c_8h}}{}
I've deleted a group-closing symbol because it seems to be
spurious, as in `$x}$'. But perhaps the } is legitimate and
you forgot something else, as in `\hbox{$x}'. In such cases
the way to recover is to insert both the forgotten and the
deleted material, e.g., by typing `I$}'.

! Undefined control sequence.
<argument> \hyperlink {_a_d_c_8h}{A\+
                                     D\+C.\+h}
l.4 ...r/\mbox{\hyperlink{_a_d_c_8h}{A\+D\+C.\+h}}
                                                   }{\pageref{_a_d_c_8h}}{}
The control sequence at the end of the top line
of your error message was never \def'ed. If you have
misspelled it (e.g., `\hobx'), type `I' and the correct
spelling (e.g., `I\hbox'). Otherwise just continue,
and I'll forget about whatever was undefined.

! Undefined control sequence.
<argument> \hyperlink {_a_d_c_8h}{A\+D\+
                                        C.\+h}
l.4 ...r/\mbox{\hyperlink{_a_d_c_8h}{A\+D\+C.\+h}}
                                                   }{\pageref{_a_d_c_8h}}{}
The control sequence at the end of the top line
of your error message was never \def'ed. If you have
misspelled it (e.g., `\hobx'), type `I' and the correct
spelling (e.g., `I\hbox'). Otherwise just continue,
and I'll forget about whatever was undefined.

! Undefined control sequence.
<argument> \hyperlink {_a_d_c_8h}{A\+D\+C.\+
                                            h}
l.4 ...r/\mbox{\hyperlink{_a_d_c_8h}{A\+D\+C.\+h}}
                                                   }{\pageref{_a_d_c_8h}}{}
The control sequence at the end of the top line
of your error message was never \def'ed. If you have
misspelled it (e.g., `\hobx'), type `I' and the correct
spelling (e.g., `I\hbox'). Otherwise just continue,
and I'll forget about whatever was undefined.

! Extra }, or forgotten $.
\mbox #1->\leavevmode \hbox {#1}
                                
l.4 ...r/\mbox{\hyperlink{_a_d_c_8h}{A\+D\+C.\+h}}
                                                   }{\pageref{_a_d_c_8h}}{}
I've deleted a group-closing symbol because it seems to be
spurious, as in `$x}$'. But perhaps the } is legitimate and
you forgot something else, as in `\hbox{$x}'. In such cases
the way to recover is to insert both the forgotten and the
deleted material, e.g., by typing `I$}'.

! Extra }, or forgotten $.
l.4 ...\mbox{\hyperlink{_a_d_c_8h}{A\+D\+C.\+h}} }
                                                  {\pageref{_a_d_c_8h}}{}
I've deleted a group-closing symbol because it seems to be
spurious, as in `$x}$'. But perhaps the } is legitimate and
you forgot something else, as in `\hbox{$x}'. In such cases
the way to recover is to insert both the forgotten and the
deleted material, e.g., by typing `I$}'.

! Undefined control sequence.
<write> ...Reference `_a_d_c_8h' on page \thepage 
                                                  \space undefined\on@line .
l.4 ...d_c_8h}{A\+D\+C.\+h}} }{\pageref{_a_d_c_8h}
                                                  }{}
The control sequence at the end of the top line
of your error message was never \def'ed. If you have
misspelled it (e.g., `\hobx'), type `I' and the correct
spelling (e.g., `I\hbox'). Otherwise just continue,
and I'll forget about whatever was undefined.


LaTeX Warning: Reference `_a_d_c_8h' on page  undefined on input line 4.


! LaTeX Error: Command \item invalid in math mode.

See the LaTeX manual or LaTeX Companion for explanation.
Type  H <return>  for immediate help.
 ...                                              
                                                  
l.5 \item
         \contentsline{section}{C\+:/\+Users/bruno/\+Documents/\+Line\+Follo...

Try typing  <return>  to proceed.
If that doesn't work, type  X <return>  to quit.

! Missing $ inserted.
<inserted text> 
                $
l.5 \item\contentsline
                      {section}{C\+:/\+Users/bruno/\+Documents/\+Line\+Follo...
I've inserted a begin-math/end-math symbol since I think
you left one out. Proceed, with fingers crossed.


! LaTeX Error: Something's wrong--perhaps a missing \item.

See the LaTeX manual or LaTeX Companion for explanation.
Type  H <return>  for immediate help.
 ...                                              
                                                  
l.5 \item\contentsline
                      {section}{C\+:/\+Users/bruno/\+Documents/\+Line\+Follo...

Try typing  <return>  to proceed.
If that doesn't work, type  X <return>  to quit.


! LaTeX Error: Something's wrong--perhaps a missing \item.

See the LaTeX manual or LaTeX Companion for explanation.
Type  H <return>  for immediate help.
 ...                                              
                                                  
l.5 \item\contentsline
                      {section}{C\+:/\+Users/bruno/\+Documents/\+Line\+Follo...

Try typing  <return>  to proceed.
If that doesn't work, type  X <return>  to quit.


! LaTeX Error: Lonely \item--perhaps a missing list environment.

See the LaTeX manual or LaTeX Companion for explanation.
Type  H <return>  for immediate help.
 ...                                              
                                                  
l.5 \item\contentsline
                      {section}{C\+:/\+Users/bruno/\+Documents/\+Line\+Follo...

Try typing  <return>  to proceed.
If that doesn't work, type  X <return>  to quit.

Missing character: There is no C in font nullfont!
! Undefined control sequence.
l.5 \item\contentsline{section}{C\+
                                   :/\+Users/bruno/\+Documents/\+Line\+Follo...
The control sequence at the end of the top line
of your error message was never \def'ed. If you have
misspelled it (e.g., `\hobx'), type `I' and the correct
spelling (e.g., `I\hbox'). Otherwise just continue,
and I'll forget about whatever was undefined.

Missing character: There is no : in font nullfont!
Missing character: There is no / in font nullfont!
! Undefined control sequence.
l.5 \item\contentsline{section}{C\+:/\+
                                       Users/bruno/\+Documents/\+Line\+Follo...
The control sequence at the end of the top line
of your error message was never \def'ed. If you have
misspelled it (e.g., `\hobx'), type `I' and the correct
spelling (e.g., `I\hbox'). Otherwise just continue,
and I'll forget about whatever was undefined.

Missing character: There is no U in font nullfont!
Missing character: There is no s in font nullfont!
Missing character: There is no e in font nullfont!
Missing character: There is no r in font nullfont!
Missing character: There is no s in font nullfont!
Missing character: There is no / in font nullfont!
Missing character: There is no b in font nullfont!
Missing character: There is no r in font nullfont!
Missing character: There is no u in font nullfont!
Missing character: There is no n in font nullfont!
Missing character: There is no o in font nullfont!
Missing character: There is no / in font nullfont!
! Undefined control sequence.
l.5 ...contentsline{section}{C\+:/\+Users/bruno/\+
                                                  Documents/\+Line\+Follower...
The control sequence at the end of the top line
of your error message was never \def'ed. If you have
misspelled it (e.g., `\hobx'), type `I' and the correct
spelling (e.g., `I\hbox'). Otherwise just continue,
and I'll forget about whatever was undefined.

Missing character: There is no D in font nullfont!
Missing character: There is no o in font nullfont!
Missing character: There is no c in font nullfont!
Missing character: There is no u in font nullfont!
Missing character: There is no m in font nullfont!
Missing character: There is no e in font nullfont!
Missing character: There is no n in font nullfont!
Missing character: There is no t in font nullfont!
Missing character: There is no s in font nullfont!
Missing character: There is no / in font nullfont!
! Undefined control sequence.
l.5 ...{section}{C\+:/\+Users/bruno/\+Documents/\+
                                                  Line\+Follower/\+Project\+...
The control sequence at the end of the top line
of your error message was never \def'ed. If you have
misspelled it (e.g., `\hobx'), type `I' and the correct
spelling (e.g., `I\hbox'). Otherwise just continue,
and I'll forget about whatever was undefined.

Missing character: There is no L in font nullfont!
Missing character: There is no i in font nullfont!
Missing character: There is no n in font nullfont!
Missing character: There is no e in font nullfont!
! Undefined control sequence.
l.5 ...on}{C\+:/\+Users/bruno/\+Documents/\+Line\+
                                                  Follower/\+Project\+\_\+u\...
The control sequence at the end of the top line
of your error message was never \def'ed. If you have
misspelled it (e.g., `\hobx'), type `I' and the correct
spelling (e.g., `I\hbox'). Otherwise just continue,
and I'll forget about whatever was undefined.

Missing character: There is no F in font nullfont!
Missing character: There is no o in font nullfont!
Missing character: There is no l in font nullfont!
Missing character: There is no l in font nullfont!
Missing character: There is no o in font nullfont!
Missing character: There is no w in font nullfont!
Missing character: There is no e in font nullfont!
Missing character: There is no r in font nullfont!
Missing character: There is no / in font nullfont!
! Undefined control sequence.
l.5 ...Users/bruno/\+Documents/\+Line\+Follower/\+
                                                  Project\+\_\+u\+Vision/\+L...
The control sequence at the end of the top line
of your error message was never \def'ed. If you have
misspelled it (e.g., `\hobx'), type `I' and the correct
spelling (e.g., `I\hbox'). Otherwise just continue,
and I'll forget about whatever was undefined.

Missing character: There is no P in font nullfont!
Missing character: There is no r in font nullfont!
Missing character: There is no o in font nullfont!
Missing character: There is no j in font nullfont!
Missing character: There is no e in font nullfont!
Missing character: There is no c in font nullfont!
Missing character: There is no t in font nullfont!
! Undefined control sequence.
l.5 ...no/\+Documents/\+Line\+Follower/\+Project\+
                                                  \_\+u\+Vision/\+Line\+Foll...
The control sequence at the end of the top line
of your error message was never \def'ed. If you have
misspelled it (e.g., `\hobx'), type `I' and the correct
spelling (e.g., `I\hbox'). Otherwise just continue,
and I'll forget about whatever was undefined.

! Undefined control sequence.
l.5 ...+Documents/\+Line\+Follower/\+Project\+\_\+
                                                  u\+Vision/\+Line\+Follower...
The control sequence at the end of the top line
of your error message was never \def'ed. If you have
misspelled it (e.g., `\hobx'), type `I' and the correct
spelling (e.g., `I\hbox'). Otherwise just continue,
and I'll forget about whatever was undefined.

Missing character: There is no u in font nullfont!
! Undefined control sequence.
l.5 ...cuments/\+Line\+Follower/\+Project\+\_\+u\+
                                                  Vision/\+Line\+Follower/\m...
The control sequence at the end of the top line
of your error message was never \def'ed. If you have
misspelled it (e.g., `\hobx'), type `I' and the correct
spelling (e.g., `I\hbox'). Otherwise just continue,
and I'll forget about whatever was undefined.

Missing character: There is no V in font nullfont!
Missing character: There is no i in font nullfont!
Missing character: There is no s in font nullfont!
Missing character: There is no i in font nullfont!
Missing character: There is no o in font nullfont!
Missing character: There is no n in font nullfont!
Missing character: There is no / in font nullfont!
! Undefined control sequence.
l.5 ...+Line\+Follower/\+Project\+\_\+u\+Vision/\+
                                                  Line\+Follower/\mbox{\hype...
The control sequence at the end of the top line
of your error message was never \def'ed. If you have
misspelled it (e.g., `\hobx'), type `I' and the correct
spelling (e.g., `I\hbox'). Otherwise just continue,
and I'll forget about whatever was undefined.

Missing character: There is no L in font nullfont!
Missing character: There is no i in font nullfont!
Missing character: There is no n in font nullfont!
Missing character: There is no e in font nullfont!
! Undefined control sequence.
l.5 ...+Follower/\+Project\+\_\+u\+Vision/\+Line\+
                                                  Follower/\mbox{\hyperlink{...
The control sequence at the end of the top line
of your error message was never \def'ed. If you have
misspelled it (e.g., `\hobx'), type `I' and the correct
spelling (e.g., `I\hbox'). Otherwise just continue,
and I'll forget about whatever was undefined.

Missing character: There is no F in font nullfont!
Missing character: There is no o in font nullfont!
Missing character: There is no l in font nullfont!
Missing character: There is no l in font nullfont!
Missing character: There is no o in font nullfont!
Missing character: There is no w in font nullfont!
Missing character: There is no e in font nullfont!
Missing character: There is no r in font nullfont!
Missing character: There is no / in font nullfont!
! Undefined control sequence.
<argument> \hyperlink 
                      {_a_n_g_l_e___l_i_n_e___s_e_n_s_o_r_8cpp}{A\+N\+G\+L\+...
l.5 ...+L\+I\+N\+E\+\_\+\+S\+E\+N\+S\+O\+R.\+cpp}}
                                                   }{\pageref{_a_n_g_l_e___l...
The control sequence at the end of the top line
of your error message was never \def'ed. If you have
misspelled it (e.g., `\hobx'), type `I' and the correct
spelling (e.g., `I\hbox'). Otherwise just continue,
and I'll forget about whatever was undefined.

! Missing $ inserted.
<inserted text> 
                $
l.5 ...+L\+I\+N\+E\+\_\+\+S\+E\+N\+S\+O\+R.\+cpp}}
                                                   }{\pageref{_a_n_g_l_e___l...
I've inserted a begin-math/end-math symbol since I think
you left one out. Proceed, with fingers crossed.

! Double subscript.
<argument> \hyperlink {_a_
                          n_g_l_e___l_i_n_e___s_e_n_s_o_r_8cpp}{A\+N\+G\+L\+...
l.5 ...+L\+I\+N\+E\+\_\+\+S\+E\+N\+S\+O\+R.\+cpp}}
                                                   }{\pageref{_a_n_g_l_e___l...
I treat `x_1_2' essentially like `x_1{}_2'.

! Double subscript.
<argument> \hyperlink {_a_n_
                            g_l_e___l_i_n_e___s_e_n_s_o_r_8cpp}{A\+N\+G\+L\+...
l.5 ...+L\+I\+N\+E\+\_\+\+S\+E\+N\+S\+O\+R.\+cpp}}
                                                   }{\pageref{_a_n_g_l_e___l...
I treat `x_1_2' essentially like `x_1{}_2'.

! Double subscript.
<argument> \hyperlink {_a_n_g_
                              l_e___l_i_n_e___s_e_n_s_o_r_8cpp}{A\+N\+G\+L\+...
l.5 ...+L\+I\+N\+E\+\_\+\+S\+E\+N\+S\+O\+R.\+cpp}}
                                                   }{\pageref{_a_n_g_l_e___l...
I treat `x_1_2' essentially like `x_1{}_2'.

! Double subscript.
<argument> \hyperlink {_a_n_g_l_
                                e___l_i_n_e___s_e_n_s_o_r_8cpp}{A\+N\+G\+L\+...
l.5 ...+L\+I\+N\+E\+\_\+\+S\+E\+N\+S\+O\+R.\+cpp}}
                                                   }{\pageref{_a_n_g_l_e___l...
I treat `x_1_2' essentially like `x_1{}_2'.

! Double subscript.
<argument> \hyperlink {_a_n_g_l_e_
                                  __l_i_n_e___s_e_n_s_o_r_8cpp}{A\+N\+G\+L\+...
l.5 ...+L\+I\+N\+E\+\_\+\+S\+E\+N\+S\+O\+R.\+cpp}}
                                                   }{\pageref{_a_n_g_l_e___l...
I treat `x_1_2' essentially like `x_1{}_2'.

! Missing { inserted.
<to be read again> 
                   _
l.5 ...+L\+I\+N\+E\+\_\+\+S\+E\+N\+S\+O\+R.\+cpp}}
                                                   }{\pageref{_a_n_g_l_e___l...
A left brace was mandatory here, so I've put one in.
You might want to delete and/or insert some corrections
so that I will find a matching right brace soon.
(If you're confused by all this, try typing `I}' now.)

! Missing { inserted.
<to be read again> 
                   _
l.5 ...+L\+I\+N\+E\+\_\+\+S\+E\+N\+S\+O\+R.\+cpp}}
                                                   }{\pageref{_a_n_g_l_e___l...
A left brace was mandatory here, so I've put one in.
You might want to delete and/or insert some corrections
so that I will find a matching right brace soon.
(If you're confused by all this, try typing `I}' now.)

! Double subscript.
<argument> \hyperlink {_a_n_g_l_e___l_
                                      i_n_e___s_e_n_s_o_r_8cpp}{A\+N\+G\+L\+...
l.5 ...+L\+I\+N\+E\+\_\+\+S\+E\+N\+S\+O\+R.\+cpp}}
                                                   }{\pageref{_a_n_g_l_e___l...
I treat `x_1_2' essentially like `x_1{}_2'.

! Double subscript.
<argument> \hyperlink {_a_n_g_l_e___l_i_
                                        n_e___s_e_n_s_o_r_8cpp}{A\+N\+G\+L\+...
l.5 ...+L\+I\+N\+E\+\_\+\+S\+E\+N\+S\+O\+R.\+cpp}}
                                                   }{\pageref{_a_n_g_l_e___l...
I treat `x_1_2' essentially like `x_1{}_2'.

! Double subscript.
<argument> \hyperlink {_a_n_g_l_e___l_i_n_
                                          e___s_e_n_s_o_r_8cpp}{A\+N\+G\+L\+...
l.5 ...+L\+I\+N\+E\+\_\+\+S\+E\+N\+S\+O\+R.\+cpp}}
                                                   }{\pageref{_a_n_g_l_e___l...
I treat `x_1_2' essentially like `x_1{}_2'.

! Double subscript.
<argument> \hyperlink {_a_n_g_l_e___l_i_n_e_
                                            __s_e_n_s_o_r_8cpp}{A\+N\+G\+L\+...
l.5 ...+L\+I\+N\+E\+\_\+\+S\+E\+N\+S\+O\+R.\+cpp}}
                                                   }{\pageref{_a_n_g_l_e___l...
I treat `x_1_2' essentially like `x_1{}_2'.

! Missing { inserted.
<to be read again> 
                   _
l.5 ...+L\+I\+N\+E\+\_\+\+S\+E\+N\+S\+O\+R.\+cpp}}
                                                   }{\pageref{_a_n_g_l_e___l...
A left brace was mandatory here, so I've put one in.
You might want to delete and/or insert some corrections
so that I will find a matching right brace soon.
(If you're confused by all this, try typing `I}' now.)

! Missing { inserted.
<to be read again> 
                   _
l.5 ...+L\+I\+N\+E\+\_\+\+S\+E\+N\+S\+O\+R.\+cpp}}
                                                   }{\pageref{_a_n_g_l_e___l...
A left brace was mandatory here, so I've put one in.
You might want to delete and/or insert some corrections
so that I will find a matching right brace soon.
(If you're confused by all this, try typing `I}' now.)

! Double subscript.
<argument> \hyperlink {_a_n_g_l_e___l_i_n_e___s_
                                                e_n_s_o_r_8cpp}{A\+N\+G\+L\+...
l.5 ...+L\+I\+N\+E\+\_\+\+S\+E\+N\+S\+O\+R.\+cpp}}
                                                   }{\pageref{_a_n_g_l_e___l...
I treat `x_1_2' essentially like `x_1{}_2'.

! Double subscript.
<argument> \hyperlink {_a_n_g_l_e___l_i_n_e___s_e_
                                                  n_s_o_r_8cpp}{A\+N\+G\+L\+...
l.5 ...+L\+I\+N\+E\+\_\+\+S\+E\+N\+S\+O\+R.\+cpp}}
                                                   }{\pageref{_a_n_g_l_e___l...
I treat `x_1_2' essentially like `x_1{}_2'.

! Double subscript.
<argument> ...rlink {_a_n_g_l_e___l_i_n_e___s_e_n_
                                                  s_o_r_8cpp}{A\+N\+G\+L\+E\...
l.5 ...+L\+I\+N\+E\+\_\+\+S\+E\+N\+S\+O\+R.\+cpp}}
                                                   }{\pageref{_a_n_g_l_e___l...
I treat `x_1_2' essentially like `x_1{}_2'.

! Double subscript.
<argument> ...ink {_a_n_g_l_e___l_i_n_e___s_e_n_s_
                                                  o_r_8cpp}{A\+N\+G\+L\+E\+\...
l.5 ...+L\+I\+N\+E\+\_\+\+S\+E\+N\+S\+O\+R.\+cpp}}
                                                   }{\pageref{_a_n_g_l_e___l...
I treat `x_1_2' essentially like `x_1{}_2'.

! Double subscript.
<argument> ...k {_a_n_g_l_e___l_i_n_e___s_e_n_s_o_
                                                  r_8cpp}{A\+N\+G\+L\+E\+\_\...
l.5 ...+L\+I\+N\+E\+\_\+\+S\+E\+N\+S\+O\+R.\+cpp}}
                                                   }{\pageref{_a_n_g_l_e___l...
I treat `x_1_2' essentially like `x_1{}_2'.

! Double subscript.
<argument> ...{_a_n_g_l_e___l_i_n_e___s_e_n_s_o_r_
                                                  8cpp}{A\+N\+G\+L\+E\+\_\+\...
l.5 ...+L\+I\+N\+E\+\_\+\+S\+E\+N\+S\+O\+R.\+cpp}}
                                                   }{\pageref{_a_n_g_l_e___l...
I treat `x_1_2' essentially like `x_1{}_2'.

! Undefined control sequence.
<argument> ..._e___l_i_n_e___s_e_n_s_o_r_8cpp}{A\+
                                                  N\+G\+L\+E\+\_\+\+L\+I\+N\...
l.5 ...+L\+I\+N\+E\+\_\+\+S\+E\+N\+S\+O\+R.\+cpp}}
                                                   }{\pageref{_a_n_g_l_e___l...
The control sequence at the end of the top line
of your error message was never \def'ed. If you have
misspelled it (e.g., `\hobx'), type `I' and the correct
spelling (e.g., `I\hbox'). Otherwise just continue,
and I'll forget about whatever was undefined.

! Undefined control sequence.
<argument> ...__l_i_n_e___s_e_n_s_o_r_8cpp}{A\+N\+
                                                  G\+L\+E\+\_\+\+L\+I\+N\+E\...
l.5 ...+L\+I\+N\+E\+\_\+\+S\+E\+N\+S\+O\+R.\+cpp}}
                                                   }{\pageref{_a_n_g_l_e___l...
The control sequence at the end of the top line
of your error message was never \def'ed. If you have
misspelled it (e.g., `\hobx'), type `I' and the correct
spelling (e.g., `I\hbox'). Otherwise just continue,
and I'll forget about whatever was undefined.

! Undefined control sequence.
<argument> ..._i_n_e___s_e_n_s_o_r_8cpp}{A\+N\+G\+
                                                  L\+E\+\_\+\+L\+I\+N\+E\+\_...
l.5 ...+L\+I\+N\+E\+\_\+\+S\+E\+N\+S\+O\+R.\+cpp}}
                                                   }{\pageref{_a_n_g_l_e___l...
The control sequence at the end of the top line
of your error message was never \def'ed. If you have
misspelled it (e.g., `\hobx'), type `I' and the correct
spelling (e.g., `I\hbox'). Otherwise just continue,
and I'll forget about whatever was undefined.

! Undefined control sequence.
<argument> ...n_e___s_e_n_s_o_r_8cpp}{A\+N\+G\+L\+
                                                  E\+\_\+\+L\+I\+N\+E\+\_\+\...
l.5 ...+L\+I\+N\+E\+\_\+\+S\+E\+N\+S\+O\+R.\+cpp}}
                                                   }{\pageref{_a_n_g_l_e___l...
The control sequence at the end of the top line
of your error message was never \def'ed. If you have
misspelled it (e.g., `\hobx'), type `I' and the correct
spelling (e.g., `I\hbox'). Otherwise just continue,
and I'll forget about whatever was undefined.

! Undefined control sequence.
<argument> ...___s_e_n_s_o_r_8cpp}{A\+N\+G\+L\+E\+
                                                  \_\+\+L\+I\+N\+E\+\_\+\+S\...
l.5 ...+L\+I\+N\+E\+\_\+\+S\+E\+N\+S\+O\+R.\+cpp}}
                                                   }{\pageref{_a_n_g_l_e___l...
The control sequence at the end of the top line
of your error message was never \def'ed. If you have
misspelled it (e.g., `\hobx'), type `I' and the correct
spelling (e.g., `I\hbox'). Otherwise just continue,
and I'll forget about whatever was undefined.

! Undefined control sequence.
<argument> ..._e_n_s_o_r_8cpp}{A\+N\+G\+L\+E\+\_\+
                                                  \+L\+I\+N\+E\+\_\+\+S\+E\+...
l.5 ...+L\+I\+N\+E\+\_\+\+S\+E\+N\+S\+O\+R.\+cpp}}
                                                   }{\pageref{_a_n_g_l_e___l...
The control sequence at the end of the top line
of your error message was never \def'ed. If you have
misspelled it (e.g., `\hobx'), type `I' and the correct
spelling (e.g., `I\hbox'). Otherwise just continue,
and I'll forget about whatever was undefined.

! Undefined control sequence.
<argument> ..._n_s_o_r_8cpp}{A\+N\+G\+L\+E\+\_\+\+
                                                  L\+I\+N\+E\+\_\+\+S\+E\+N\...
l.5 ...+L\+I\+N\+E\+\_\+\+S\+E\+N\+S\+O\+R.\+cpp}}
                                                   }{\pageref{_a_n_g_l_e___l...
The control sequence at the end of the top line
of your error message was never \def'ed. If you have
misspelled it (e.g., `\hobx'), type `I' and the correct
spelling (e.g., `I\hbox'). Otherwise just continue,
and I'll forget about whatever was undefined.

! Undefined control sequence.
<argument> ...s_o_r_8cpp}{A\+N\+G\+L\+E\+\_\+\+L\+
                                                  I\+N\+E\+\_\+\+S\+E\+N\+S\...
l.5 ...+L\+I\+N\+E\+\_\+\+S\+E\+N\+S\+O\+R.\+cpp}}
                                                   }{\pageref{_a_n_g_l_e___l...
The control sequence at the end of the top line
of your error message was never \def'ed. If you have
misspelled it (e.g., `\hobx'), type `I' and the correct
spelling (e.g., `I\hbox'). Otherwise just continue,
and I'll forget about whatever was undefined.

! Undefined control sequence.
<argument> ..._r_8cpp}{A\+N\+G\+L\+E\+\_\+\+L\+I\+
                                                  N\+E\+\_\+\+S\+E\+N\+S\+O\...
l.5 ...+L\+I\+N\+E\+\_\+\+S\+E\+N\+S\+O\+R.\+cpp}}
                                                   }{\pageref{_a_n_g_l_e___l...
The control sequence at the end of the top line
of your error message was never \def'ed. If you have
misspelled it (e.g., `\hobx'), type `I' and the correct
spelling (e.g., `I\hbox'). Otherwise just continue,
and I'll forget about whatever was undefined.

! Undefined control sequence.
<argument> ...8cpp}{A\+N\+G\+L\+E\+\_\+\+L\+I\+N\+
                                                  E\+\_\+\+S\+E\+N\+S\+O\+R....
l.5 ...+L\+I\+N\+E\+\_\+\+S\+E\+N\+S\+O\+R.\+cpp}}
                                                   }{\pageref{_a_n_g_l_e___l...
The control sequence at the end of the top line
of your error message was never \def'ed. If you have
misspelled it (e.g., `\hobx'), type `I' and the correct
spelling (e.g., `I\hbox'). Otherwise just continue,
and I'll forget about whatever was undefined.

! Undefined control sequence.
<argument> ...p}{A\+N\+G\+L\+E\+\_\+\+L\+I\+N\+E\+
                                                  \_\+\+S\+E\+N\+S\+O\+R.\+cpp}
l.5 ...+L\+I\+N\+E\+\_\+\+S\+E\+N\+S\+O\+R.\+cpp}}
                                                   }{\pageref{_a_n_g_l_e___l...
The control sequence at the end of the top line
of your error message was never \def'ed. If you have
misspelled it (e.g., `\hobx'), type `I' and the correct
spelling (e.g., `I\hbox'). Otherwise just continue,
and I'll forget about whatever was undefined.

! Undefined control sequence.
<argument> ...\+N\+G\+L\+E\+\_\+\+L\+I\+N\+E\+\_\+
                                                  \+S\+E\+N\+S\+O\+R.\+cpp}
l.5 ...+L\+I\+N\+E\+\_\+\+S\+E\+N\+S\+O\+R.\+cpp}}
                                                   }{\pageref{_a_n_g_l_e___l...
(That makes 100 errors; please try again.) 
Here is how much of TeX's memory you used:
 17 strings out of 492946
 291 string characters out of 3135628
 58061 words of memory out of 3000000
 4014 multiletter control sequences out of 15000+200000
 3948 words of font info for 15 fonts, out of 3000000 for 9000
 1141 hyphenation exceptions out of 8191
 20i,13n,14p,324b,131s stack positions out of 5000i,500n,10000p,200000b,50000s

!  ==> Fatal error occurred, no output PDF file produced!
