This is pdfTeX, Version 3.14159265-2.6-1.40.20 (MiKTeX 2.9.7000 64-bit) (preloaded format=pdflatex 2019.4.20)  9 NOV 2019 10:20
entering extended mode
**./refman.tex
(refman.tex
LaTeX2e <2018-12-01>
("C:\Program Files\MiKTeX 2.9\tex/latex/base\book.cls"
Document Class: book 2018/09/03 v1.4i Standard LaTeX document class
("C:\Program Files\MiKTeX 2.9\tex/latex/base\bk10.clo"
File: bk10.clo 2018/09/03 v1.4i Standard LaTeX file (size option)
)
\c@part=\count80
\c@chapter=\count81
\c@section=\count82
\c@subsection=\count83
\c@subsubsection=\count84
\c@paragraph=\count85
\c@subparagraph=\count86
\c@figure=\count87
\c@table=\count88
\abovecaptionskip=\skip41
\belowcaptionskip=\skip42
\bibindent=\dimen102
)
("C:\Program Files\MiKTeX 2.9\tex/latex/base\ifthen.sty"
Package: ifthen 2014/09/29 v1.1c Standard LaTeX ifthen package (DPC)
)
("C:\Program Files\MiKTeX 2.9\tex/latex/tools\array.sty"
Rollback for package 'array' requested -> date 2016-10-06.
         Best approximation is the release introduced on 2016-10-06.

("C:\Program Files\MiKTeX 2.9\tex/latex/tools\array-2016-10-06.sty"
Package: array 2016/10/06 v2.4d Tabular extension package (FMi)
\col@sep=\dimen103
\extrarowheight=\dimen104
\NC@list=\toks14
\extratabsurround=\skip43
\backup@length=\skip44
))
("C:\Program Files\MiKTeX 2.9\tex/latex/base\fixltx2e.sty"
Package: fixltx2e 2016/12/29 v2.1a fixes to LaTeX (obsolete)
Applying: [2015/01/01] Old fixltx2e package on input line 46.


Package fixltx2e Warning: fixltx2e is not required with releases after 2015
(fixltx2e)                All fixes are now in the LaTeX kernel.
(fixltx2e)                See the latexrelease package for details.

Already applied: [0000/00/00] Old fixltx2e package on input line 53.
) ("C:\Program Files\MiKTeX 2.9\tex/latex/tools\calc.sty"
Package: calc 2017/05/25 v4.3 Infix arithmetic (KKT,FJ)
\calc@Acount=\count89
\calc@Bcount=\count90
\calc@Adimen=\dimen105
\calc@Bdimen=\dimen106
\calc@Askip=\skip45
\calc@Bskip=\skip46
LaTeX Info: Redefining \setlength on input line 80.
LaTeX Info: Redefining \addtolength on input line 81.
\calc@Ccount=\count91
\calc@Cskip=\skip47
) (doxygen.sty
Package: doxygen 

("C:\Program Files\MiKTeX 2.9\tex/latex/base\alltt.sty"
Package: alltt 1997/06/16 v2.0g defines alltt environment
)
("C:\Program Files\MiKTeX 2.9\tex/latex/float\float.sty"
Package: float 2001/11/08 v1.3d Float enhancements (AL)
\c@float@type=\count92
\float@exts=\toks15
\float@box=\box27
\@float@everytoks=\toks16
\@floatcapt=\box28
)
("C:\Program Files\MiKTeX 2.9\tex/latex/tools\verbatim.sty"
Package: verbatim 2014/10/28 v1.5q LaTeX2e package for verbatim enhancements
\every@verbatim=\toks17
\verbatim@line=\toks18
\verbatim@in@stream=\read1
)
(C:\Users\bruno\AppData\Roaming\MiKTeX\2.9\tex/latex/xcolor\xcolor.sty
Package: xcolor 2016/05/11 v2.12 LaTeX color extensions (UK)

("C:\Program Files\MiKTeX 2.9\tex/latex/graphics-cfg\color.cfg"
File: color.cfg 2016/01/02 v1.6 sample color configuration
)
Package xcolor Info: Driver file: pdftex.def on input line 225.

("C:\Program Files\MiKTeX 2.9\tex/latex/graphics-def\pdftex.def"
File: pdftex.def 2018/01/08 v1.0l Graphics/color driver for pdftex
)
(C:\Users\bruno\AppData\Roaming\MiKTeX\2.9\tex/latex/colortbl\colortbl.sty
Package: colortbl 2018/12/12 v1.0d Color table columns (DPC)
\everycr=\toks19
\minrowclearance=\skip48
)
\rownum=\count93
Package xcolor Info: Model `cmy' substituted by `cmy0' on input line 1348.
Package xcolor Info: Model `hsb' substituted by `rgb' on input line 1352.
Package xcolor Info: Model `RGB' extended on input line 1364.
Package xcolor Info: Model `HTML' substituted by `rgb' on input line 1366.
Package xcolor Info: Model `Hsb' substituted by `hsb' on input line 1367.
Package xcolor Info: Model `tHsb' substituted by `hsb' on input line 1368.
Package xcolor Info: Model `HSB' substituted by `hsb' on input line 1369.
Package xcolor Info: Model `Gray' substituted by `gray' on input line 1370.
Package xcolor Info: Model `wave' substituted by `hsb' on input line 1371.
)
(longtable_doxygen.sty
Package: longtable_doxygen 2014/10/28 v4.11 Multi-page Table package (DPC) - fr
ozen version for doxygen
\LTleft=\skip49
\LTright=\skip50
\LTpre=\skip51
\LTpost=\skip52
\LTchunksize=\count94
\LTcapwidth=\dimen107
\LT@head=\box29
\LT@firsthead=\box30
\LT@foot=\box31
\LT@lastfoot=\box32
\LT@cols=\count95
\LT@rows=\count96
\c@LT@tables=\count97
\c@LT@chunks=\count98
\LT@p@ftn=\toks20
) (tabu_doxygen.sty
Package: tabu_doxygen 2011/02/26 v2.8 - flexible LaTeX tabulars (FC), frozen ve
rsion for doxygen

(C:\Users\bruno\AppData\Roaming\MiKTeX\2.9\tex/latex/varwidth\varwidth.sty
Package: varwidth 2009/03/30 ver 0.92;  Variable-width minipages
\@vwid@box=\box33
\sift@deathcycles=\count99
\@vwid@loff=\dimen108
\@vwid@roff=\dimen109
)
\c@taburow=\count100
\tabu@nbcols=\count101
\tabu@cnt=\count102
\tabu@Xcol=\count103
\tabu@alloc=\count104
\tabu@nested=\count105
\tabu@target=\dimen110
\tabu@spreadtarget=\dimen111
\tabu@naturalX=\dimen112
\tabucolX=\dimen113
\tabu@Xsum=\dimen114
\extrarowdepth=\dimen115
\abovetabulinesep=\dimen116
\belowtabulinesep=\dimen117
\tabustrutrule=\dimen118
\tabu@thebody=\toks21
\tabu@footnotes=\toks22
\tabu@box=\box34
\tabu@arstrutbox=\box35
\tabu@hleads=\box36
\tabu@vleads=\box37
\tabu@cellskip=\skip53
)
(C:\Users\bruno\AppData\Roaming\MiKTeX\2.9\tex/latex/fancyvrb\fancyvrb.sty
Package: fancyvrb 2019/10/22

Style option: `fancyvrb' v3.3 <2019/10/22> (tvz)
("C:\Program Files\MiKTeX 2.9\tex/latex/graphics\keyval.sty"
Package: keyval 2014/10/28 v1.15 key=value parser (DPC)
\KV@toks@=\toks23
)
\FV@CodeLineNo=\count106
\FV@InFile=\read2
\FV@TabBox=\box38
\c@FancyVerbLine=\count107
\FV@StepNumber=\count108
\FV@OutFile=\write3
)
("C:\Program Files\MiKTeX 2.9\tex/latex/tools\tabularx.sty"
Package: tabularx 2016/02/03 v2.11b `tabularx' package (DPC)
\TX@col@width=\dimen119
\TX@old@table=\dimen120
\TX@old@col=\dimen121
\TX@target=\dimen122
\TX@delta=\dimen123
\TX@cols=\count109
\TX@ftn=\toks24
)
("C:\Program Files\MiKTeX 2.9\tex/latex/multirow\multirow.sty"
Package: multirow 2019/01/01 v2.4 Span multiple rows of a table
\multirow@colwidth=\skip54
\multirow@cntb=\count110
\multirow@dima=\skip55
\bigstrutjot=\dimen124
)
(C:\Users\bruno\AppData\Roaming\MiKTeX\2.9\tex/latex/hanging\hanging.sty
Package: hanging 2009/09/02 v1.2b hanging paragraphs and punctuation
\h@ngcommawd=\skip56
\h@ngfstopwd=\skip57
\h@ngquotewd=\skip58
\h@ngdquotewd=\skip59
\h@ngquerywd=\skip60
\h@ngexclwd=\skip61
\h@ngcolonwd=\skip62
\h@ngscolonwd=\skip63
)
("C:\Program Files\MiKTeX 2.9\tex/generic/oberdiek\ifpdf.sty"
Package: ifpdf 2018/09/07 v3.3 Provides the ifpdf switch
)
(C:\Users\bruno\AppData\Roaming\MiKTeX\2.9\tex/latex/adjustbox\adjustbox.sty
Package: adjustbox 2019/01/04 v1.2 Adjusting TeX boxes (trim, clip, ...)

("C:\Program Files\MiKTeX 2.9\tex/latex/xkeyval\xkeyval.sty"
Package: xkeyval 2014/12/03 v2.7a package option processing (HA)

("C:\Program Files\MiKTeX 2.9\tex/generic/xkeyval\xkeyval.tex"
("C:\Program Files\MiKTeX 2.9\tex/generic/xkeyval\xkvutils.tex"
\XKV@toks=\toks25
\XKV@tempa@toks=\toks26
)
\XKV@depth=\count111
File: xkeyval.tex 2014/12/03 v2.7a key=value parser (HA)
))
(C:\Users\bruno\AppData\Roaming\MiKTeX\2.9\tex/latex/adjustbox\adjcalc.sty
Package: adjcalc 2012/05/16 v1.1 Provides advanced setlength with multiple back
-ends (calc, etex, pgfmath)
)
(C:\Users\bruno\AppData\Roaming\MiKTeX\2.9\tex/latex/adjustbox\trimclip.sty
Package: trimclip 2018/04/08 v1.1 Trim and clip general TeX material

("C:\Program Files\MiKTeX 2.9\tex/latex/graphics\graphicx.sty"
Package: graphicx 2017/06/01 v1.1a Enhanced LaTeX Graphics (DPC,SPQR)

("C:\Program Files\MiKTeX 2.9\tex/latex/graphics\graphics.sty"
Package: graphics 2017/06/25 v1.2c Standard LaTeX Graphics (DPC,SPQR)

("C:\Program Files\MiKTeX 2.9\tex/latex/graphics\trig.sty"
Package: trig 2016/01/03 v1.10 sin cos tan (DPC)
)
("C:\Program Files\MiKTeX 2.9\tex/latex/graphics-cfg\graphics.cfg"
File: graphics.cfg 2016/06/04 v1.11 sample graphics configuration
)
Package graphics Info: Driver file: pdftex.def on input line 99.
)
\Gin@req@height=\dimen125
\Gin@req@width=\dimen126
)
(C:\Users\bruno\AppData\Roaming\MiKTeX\2.9\tex/latex/collectbox\collectbox.sty
Package: collectbox 2012/05/17 v0.4b Collect macro arguments as boxes
\collectedbox=\box39
)
\tc@llx=\dimen127
\tc@lly=\dimen128
\tc@urx=\dimen129
\tc@ury=\dimen130
Package trimclip Info: Using driver 'tc-pdftex.def'.
(C:\Users\bruno\AppData\Roaming\MiKTeX\2.9\tex/latex/adjustbox\tc-pdftex.def
File: tc-pdftex.def 2019/01/04 v2.2 Clipping driver for pdftex
))
\adjbox@Width=\dimen131
\adjbox@Height=\dimen132
\adjbox@Depth=\dimen133
\adjbox@Totalheight=\dimen134
\adjbox@pwidth=\dimen135
\adjbox@pheight=\dimen136
\adjbox@pdepth=\dimen137
\adjbox@ptotalheight=\dimen138

(C:\Users\bruno\AppData\Roaming\MiKTeX\2.9\tex/latex/ifoddpage\ifoddpage.sty
Package: ifoddpage 2016/04/23 v1.1 Conditionals for odd/even page detection
\c@checkoddpage=\count112
))
("C:\Program Files\MiKTeX 2.9\tex/latex/amsfonts\amssymb.sty"
Package: amssymb 2013/01/14 v3.01 AMS font symbols

("C:\Program Files\MiKTeX 2.9\tex/latex/amsfonts\amsfonts.sty"
Package: amsfonts 2013/01/14 v3.01 Basic AMSFonts support
\@emptytoks=\toks27
\symAMSa=\mathgroup4
\symAMSb=\mathgroup5
LaTeX Font Info:    Overwriting math alphabet `\mathfrak' in version `bold'
(Font)                  U/euf/m/n --> U/euf/b/n on input line 106.
))
(C:\Users\bruno\AppData\Roaming\MiKTeX\2.9\tex/latex/stackengine\stackengine.st
y
Package: stackengine 2017/02/13 v4.01\ Stacking text and objects in convenient 
ways
 (C:\Users\bruno\AppData\Roaming\MiKTeX\2.9\tex/latex/etoolbox\etoolbox.sty
Package: etoolbox 2019/09/21 v2.5h e-TeX tools for LaTeX (JAW)
\etb@tempcnta=\count113
)
(C:\Users\bruno\AppData\Roaming\MiKTeX\2.9\tex/latex/listofitems\listofitems.st
y
(C:\Users\bruno\AppData\Roaming\MiKTeX\2.9\tex/generic/listofitems\listofitems.
tex
\loi_cnt_foreach_nest=\count114
\loi_nestcnt=\count115
)
Package: listofitems 2019/08/21 v1.63 Grab items in lists using user-specified 
sep char (CT)
)
\c@@stackindex=\count116
\@boxshift=\skip64
\stack@tmplength=\skip65
\temp@stkl=\skip66
\@stackedboxwidth=\skip67
\@addedbox=\box40
\@anchorbox=\box41
\stackedbox=\box42
\@centerbox=\box43
\c@ROWcellindex@=\count117
) (C:\Users\bruno\AppData\Roaming\MiKTeX\2.9\tex/latex/ulem\ulem.sty
\UL@box=\box44
\UL@hyphenbox=\box45
\UL@skip=\skip68
\UL@hook=\toks28
\UL@height=\dimen139
\UL@pe=\count118
\UL@pixel=\dimen140
\ULC@box=\box46
Package: ulem 2012/05/18
\ULdepth=\dimen141
)
\xrefbox=\box47
\xreflength=\skip69
\CodeWidthChar=\skip70
\CodeHeightChar=\skip71
\DoxyCodeWidth=\skip72
)
("C:\Program Files\MiKTeX 2.9\tex/latex/base\inputenc.sty"
Package: inputenc 2018/08/11 v1.3c Input encoding file
\inpenc@prehook=\toks29
\inpenc@posthook=\toks30
)
("C:\Program Files\MiKTeX 2.9\tex/latex/base\makeidx.sty"
Package: makeidx 2014/09/29 v1.0m Standard LaTeX package
)
("C:\Program Files\MiKTeX 2.9\tex/latex/tools\multicol.sty"
Package: multicol 2018/12/27 v1.8v multicolumn formatting (FMi)
\c@tracingmulticols=\count119
\mult@box=\box48
\multicol@leftmargin=\dimen142
\c@unbalance=\count120
\c@collectmore=\count121
\doublecol@number=\count122
\multicoltolerance=\count123
\multicolpretolerance=\count124
\full@width=\dimen143
\page@free=\dimen144
\premulticols=\dimen145
\postmulticols=\dimen146
\multicolsep=\skip73
\multicolbaselineskip=\skip74
\partial@page=\box49
\last@line=\box50
\maxbalancingoverflow=\dimen147
\mult@rightbox=\box51
\mult@grightbox=\box52
\mult@gfirstbox=\box53
\mult@firstbox=\box54
\@tempa=\box55
\@tempa=\box56
\@tempa=\box57
\@tempa=\box58
\@tempa=\box59
\@tempa=\box60
\@tempa=\box61
\@tempa=\box62
\@tempa=\box63
\@tempa=\box64
\@tempa=\box65
\@tempa=\box66
\@tempa=\box67
\@tempa=\box68
\@tempa=\box69
\@tempa=\box70
\@tempa=\box71
\c@columnbadness=\count125
\c@finalcolumnbadness=\count126
\last@try=\dimen148
\multicolovershoot=\dimen149
\multicolundershoot=\dimen150
\mult@nat@firstbox=\box72
\colbreak@box=\box73
\mc@col@check@num=\count127
)
("C:\Program Files\MiKTeX 2.9\tex/latex/base\textcomp.sty"
Package: textcomp 2018/08/11 v2.0j Standard LaTeX package
Package textcomp Info: Sub-encoding information:
(textcomp)               5 = only ISO-Adobe without \textcurrency
(textcomp)               4 = 5 + \texteuro
(textcomp)               3 = 4 + \textohm
(textcomp)               2 = 3 + \textestimated + \textcurrency
(textcomp)               1 = TS1 - \textcircled - \t
(textcomp)               0 = TS1 (full)
(textcomp)             Font families with sub-encoding setting implement
(textcomp)             only a restricted character set as indicated.
(textcomp)             Family '?' is the default used for unknown fonts.
(textcomp)             See the documentation for details.
Package textcomp Info: Setting ? sub-encoding to TS1/1 on input line 79.

("C:\Program Files\MiKTeX 2.9\tex/latex/base\ts1enc.def"
File: ts1enc.def 2001/06/05 v3.0e (jk/car/fm) Standard LaTeX file
Now handling font encoding TS1 ...
... processing UTF-8 mapping file for font encoding TS1

("C:\Program Files\MiKTeX 2.9\tex/latex/base\ts1enc.dfu"
File: ts1enc.dfu 2018/10/05 v1.2f UTF-8 support for inputenc
   defining Unicode char U+00A2 (decimal 162)
   defining Unicode char U+00A3 (decimal 163)
   defining Unicode char U+00A4 (decimal 164)
   defining Unicode char U+00A5 (decimal 165)
   defining Unicode char U+00A6 (decimal 166)
   defining Unicode char U+00A7 (decimal 167)
   defining Unicode char U+00A8 (decimal 168)
   defining Unicode char U+00A9 (decimal 169)
   defining Unicode char U+00AA (decimal 170)
   defining Unicode char U+00AC (decimal 172)
   defining Unicode char U+00AE (decimal 174)
   defining Unicode char U+00AF (decimal 175)
   defining Unicode char U+00B0 (decimal 176)
   defining Unicode char U+00B1 (decimal 177)
   defining Unicode char U+00B2 (decimal 178)
   defining Unicode char U+00B3 (decimal 179)
   defining Unicode char U+00B4 (decimal 180)
   defining Unicode char U+00B5 (decimal 181)
   defining Unicode char U+00B6 (decimal 182)
   defining Unicode char U+00B7 (decimal 183)
   defining Unicode char U+00B9 (decimal 185)
   defining Unicode char U+00BA (decimal 186)
   defining Unicode char U+00BC (decimal 188)
   defining Unicode char U+00BD (decimal 189)
   defining Unicode char U+00BE (decimal 190)
   defining Unicode char U+00D7 (decimal 215)
   defining Unicode char U+00F7 (decimal 247)
   defining Unicode char U+0192 (decimal 402)
   defining Unicode char U+02C7 (decimal 711)
   defining Unicode char U+02D8 (decimal 728)
   defining Unicode char U+02DD (decimal 733)
   defining Unicode char U+0E3F (decimal 3647)
   defining Unicode char U+2016 (decimal 8214)
   defining Unicode char U+2020 (decimal 8224)
   defining Unicode char U+2021 (decimal 8225)
   defining Unicode char U+2022 (decimal 8226)
   defining Unicode char U+2030 (decimal 8240)
   defining Unicode char U+2031 (decimal 8241)
   defining Unicode char U+203B (decimal 8251)
   defining Unicode char U+203D (decimal 8253)
   defining Unicode char U+2044 (decimal 8260)
   defining Unicode char U+204E (decimal 8270)
   defining Unicode char U+2052 (decimal 8274)
   defining Unicode char U+20A1 (decimal 8353)
   defining Unicode char U+20A4 (decimal 8356)
   defining Unicode char U+20A6 (decimal 8358)
   defining Unicode char U+20A9 (decimal 8361)
   defining Unicode char U+20AB (decimal 8363)
   defining Unicode char U+20AC (decimal 8364)
   defining Unicode char U+20B1 (decimal 8369)
   defining Unicode char U+2103 (decimal 8451)
   defining Unicode char U+2116 (decimal 8470)
   defining Unicode char U+2117 (decimal 8471)
   defining Unicode char U+211E (decimal 8478)
   defining Unicode char U+2120 (decimal 8480)
   defining Unicode char U+2122 (decimal 8482)
   defining Unicode char U+2126 (decimal 8486)
   defining Unicode char U+2127 (decimal 8487)
   defining Unicode char U+212E (decimal 8494)
   defining Unicode char U+2190 (decimal 8592)
   defining Unicode char U+2191 (decimal 8593)
   defining Unicode char U+2192 (decimal 8594)
   defining Unicode char U+2193 (decimal 8595)
   defining Unicode char U+2329 (decimal 9001)
   defining Unicode char U+232A (decimal 9002)
   defining Unicode char U+2422 (decimal 9250)
   defining Unicode char U+25E6 (decimal 9702)
   defining Unicode char U+25EF (decimal 9711)
   defining Unicode char U+266A (decimal 9834)
   defining Unicode char U+FEFF (decimal 65279)
))
LaTeX Info: Redefining \oldstylenums on input line 334.
Package textcomp Info: Setting cmr sub-encoding to TS1/0 on input line 349.
Package textcomp Info: Setting cmss sub-encoding to TS1/0 on input line 350.
Package textcomp Info: Setting cmtt sub-encoding to TS1/0 on input line 351.
Package textcomp Info: Setting cmvtt sub-encoding to TS1/0 on input line 352.
Package textcomp Info: Setting cmbr sub-encoding to TS1/0 on input line 353.
Package textcomp Info: Setting cmtl sub-encoding to TS1/0 on input line 354.
Package textcomp Info: Setting ccr sub-encoding to TS1/0 on input line 355.
Package textcomp Info: Setting ptm sub-encoding to TS1/4 on input line 356.
Package textcomp Info: Setting pcr sub-encoding to TS1/4 on input line 357.
Package textcomp Info: Setting phv sub-encoding to TS1/4 on input line 358.
Package textcomp Info: Setting ppl sub-encoding to TS1/3 on input line 359.
Package textcomp Info: Setting pag sub-encoding to TS1/4 on input line 360.
Package textcomp Info: Setting pbk sub-encoding to TS1/4 on input line 361.
Package textcomp Info: Setting pnc sub-encoding to TS1/4 on input line 362.
Package textcomp Info: Setting pzc sub-encoding to TS1/4 on input line 363.
Package textcomp Info: Setting bch sub-encoding to TS1/4 on input line 364.
Package textcomp Info: Setting put sub-encoding to TS1/5 on input line 365.
Package textcomp Info: Setting uag sub-encoding to TS1/5 on input line 366.
Package textcomp Info: Setting ugq sub-encoding to TS1/5 on input line 367.
Package textcomp Info: Setting ul8 sub-encoding to TS1/4 on input line 368.
Package textcomp Info: Setting ul9 sub-encoding to TS1/4 on input line 369.
Package textcomp Info: Setting augie sub-encoding to TS1/5 on input line 370.
Package textcomp Info: Setting dayrom sub-encoding to TS1/3 on input line 371.
Package textcomp Info: Setting dayroms sub-encoding to TS1/3 on input line 372.

Package textcomp Info: Setting pxr sub-encoding to TS1/0 on input line 373.
Package textcomp Info: Setting pxss sub-encoding to TS1/0 on input line 374.
Package textcomp Info: Setting pxtt sub-encoding to TS1/0 on input line 375.
Package textcomp Info: Setting txr sub-encoding to TS1/0 on input line 376.
Package textcomp Info: Setting txss sub-encoding to TS1/0 on input line 377.
Package textcomp Info: Setting txtt sub-encoding to TS1/0 on input line 378.
Package textcomp Info: Setting lmr sub-encoding to TS1/0 on input line 379.
Package textcomp Info: Setting lmdh sub-encoding to TS1/0 on input line 380.
Package textcomp Info: Setting lmss sub-encoding to TS1/0 on input line 381.
Package textcomp Info: Setting lmssq sub-encoding to TS1/0 on input line 382.
Package textcomp Info: Setting lmvtt sub-encoding to TS1/0 on input line 383.
Package textcomp Info: Setting lmtt sub-encoding to TS1/0 on input line 384.
Package textcomp Info: Setting qhv sub-encoding to TS1/0 on input line 385.
Package textcomp Info: Setting qag sub-encoding to TS1/0 on input line 386.
Package textcomp Info: Setting qbk sub-encoding to TS1/0 on input line 387.
Package textcomp Info: Setting qcr sub-encoding to TS1/0 on input line 388.
Package textcomp Info: Setting qcs sub-encoding to TS1/0 on input line 389.
Package textcomp Info: Setting qpl sub-encoding to TS1/0 on input line 390.
Package textcomp Info: Setting qtm sub-encoding to TS1/0 on input line 391.
Package textcomp Info: Setting qzc sub-encoding to TS1/0 on input line 392.
Package textcomp Info: Setting qhvc sub-encoding to TS1/0 on input line 393.
Package textcomp Info: Setting futs sub-encoding to TS1/4 on input line 394.
Package textcomp Info: Setting futx sub-encoding to TS1/4 on input line 395.
Package textcomp Info: Setting futj sub-encoding to TS1/4 on input line 396.
Package textcomp Info: Setting hlh sub-encoding to TS1/3 on input line 397.
Package textcomp Info: Setting hls sub-encoding to TS1/3 on input line 398.
Package textcomp Info: Setting hlst sub-encoding to TS1/3 on input line 399.
Package textcomp Info: Setting hlct sub-encoding to TS1/5 on input line 400.
Package textcomp Info: Setting hlx sub-encoding to TS1/5 on input line 401.
Package textcomp Info: Setting hlce sub-encoding to TS1/5 on input line 402.
Package textcomp Info: Setting hlcn sub-encoding to TS1/5 on input line 403.
Package textcomp Info: Setting hlcw sub-encoding to TS1/5 on input line 404.
Package textcomp Info: Setting hlcf sub-encoding to TS1/5 on input line 405.
Package textcomp Info: Setting pplx sub-encoding to TS1/3 on input line 406.
Package textcomp Info: Setting pplj sub-encoding to TS1/3 on input line 407.
Package textcomp Info: Setting ptmx sub-encoding to TS1/4 on input line 408.
Package textcomp Info: Setting ptmj sub-encoding to TS1/4 on input line 409.
)
(C:\Users\bruno\AppData\Roaming\MiKTeX\2.9\tex/latex/wasysym\wasysym.sty
Package: wasysym 2003/10/30 v2.0 Wasy-2 symbol support package
\symwasy=\mathgroup6
LaTeX Font Info:    Overwriting symbol font `wasy' in version `bold'
(Font)                  U/wasy/m/n --> U/wasy/b/n on input line 90.
)
("C:\Program Files\MiKTeX 2.9\tex/generic/ifxetex\ifxetex.sty"
Package: ifxetex 2010/09/12 v0.6 Provides ifxetex conditional
)
("C:\Program Files\MiKTeX 2.9\tex/latex/base\fontenc.sty"
Package: fontenc 2018/08/11 v2.0j Standard LaTeX package

("C:\Program Files\MiKTeX 2.9\tex/latex/base\t1enc.def"
File: t1enc.def 2018/08/11 v2.0j Standard LaTeX file
LaTeX Font Info:    Redeclaring font encoding T1 on input line 48.
))
("C:\Program Files\MiKTeX 2.9\tex/latex/psnfss\helvet.sty"
Package: helvet 2005/04/12 PSNFSS-v9.2a (WaS) 
)
("C:\Program Files\MiKTeX 2.9\tex/latex/psnfss\courier.sty"
Package: courier 2005/04/12 PSNFSS-v9.2a (WaS) 
)
(C:\Users\bruno\AppData\Roaming\MiKTeX\2.9\tex/latex/sectsty\sectsty.sty
Package: sectsty 2002/02/25 v2.0.2 Commands to change all sectional heading sty
les
)
("C:\Program Files\MiKTeX 2.9\tex/latex/geometry\geometry.sty"
Package: geometry 2018/04/16 v5.8 Page Geometry

("C:\Program Files\MiKTeX 2.9\tex/generic/oberdiek\ifvtex.sty"
Package: ifvtex 2016/05/16 v1.6 Detect VTeX and its facilities (HO)
Package ifvtex Info: VTeX not detected.
)
\Gm@cnth=\count128
\Gm@cntv=\count129
\c@Gm@tempcnt=\count130
\Gm@bindingoffset=\dimen151
\Gm@wd@mp=\dimen152
\Gm@odd@mp=\dimen153
\Gm@even@mp=\dimen154
\Gm@layoutwidth=\dimen155
\Gm@layoutheight=\dimen156
\Gm@layouthoffset=\dimen157
\Gm@layoutvoffset=\dimen158
\Gm@dimlist=\toks31

("C:\Program Files\MiKTeX 2.9\tex/latex/geometry\geometry.cfg"))
(C:\Users\bruno\AppData\Roaming\MiKTeX\2.9\tex/latex/fancyhdr\fancyhdr.sty
Package: fancyhdr 2019/01/31 v3.10 Extensive control of page headers and footer
s
\f@nch@headwidth=\skip75
\f@nch@O@elh=\skip76
\f@nch@O@erh=\skip77
\f@nch@O@olh=\skip78
\f@nch@O@orh=\skip79
\f@nch@O@elf=\skip80
\f@nch@O@erf=\skip81
\f@nch@O@olf=\skip82
\f@nch@O@orf=\skip83
)
(C:\Users\bruno\AppData\Roaming\MiKTeX\2.9\tex/latex/natbib\natbib.sty
Package: natbib 2010/09/13 8.31b (PWD, AO)
\bibhang=\skip84
\bibsep=\skip85
LaTeX Info: Redefining \cite on input line 694.
\c@NAT@ctr=\count131
)
(C:\Users\bruno\AppData\Roaming\MiKTeX\2.9\tex/latex/tocloft\tocloft.sty
Package: tocloft 2017/08/31 v2.3i parameterised ToC, etc., typesetting
Package tocloft Info: The document has chapter divisions on input line 51.
\cftparskip=\skip86
\cftbeforetoctitleskip=\skip87
\cftaftertoctitleskip=\skip88
\cftbeforepartskip=\skip89
\cftpartnumwidth=\skip90
\cftpartindent=\skip91
\cftbeforechapskip=\skip92
\cftchapindent=\skip93
\cftchapnumwidth=\skip94
\cftbeforesecskip=\skip95
\cftsecindent=\skip96
\cftsecnumwidth=\skip97
\cftbeforesubsecskip=\skip98
\cftsubsecindent=\skip99
\cftsubsecnumwidth=\skip100
\cftbeforesubsubsecskip=\skip101
\cftsubsubsecindent=\skip102
\cftsubsubsecnumwidth=\skip103
\cftbeforeparaskip=\skip104
\cftparaindent=\skip105
\cftparanumwidth=\skip106
\cftbeforesubparaskip=\skip107
\cftsubparaindent=\skip108
\cftsubparanumwidth=\skip109
\cftbeforeloftitleskip=\skip110
\cftafterloftitleskip=\skip111
\cftbeforefigskip=\skip112
\cftfigindent=\skip113
\cftfignumwidth=\skip114
\c@lofdepth=\count132
\c@lotdepth=\count133
\cftbeforelottitleskip=\skip115
\cftafterlottitleskip=\skip116
\cftbeforetabskip=\skip117
\cfttabindent=\skip118
\cfttabnumwidth=\skip119
)
\@indexfile=\write4
\openout4 = `refman.idx'.


Writing index file refman.idx

(C:\Users\bruno\AppData\Roaming\MiKTeX\2.9\tex/latex/newunicodechar\newunicodec
har.sty
Package: newunicodechar 2018/04/08 v1.2 Defining Unicode characters
)

Package newunicodechar Warning: Redefining Unicode character on input line 112.



Package newunicodechar Warning: Redefining Unicode character on input line 113.


("C:\Program Files\MiKTeX 2.9\tex/latex/hyperref\hyperref.sty"
Package: hyperref 2018/11/30 v6.88e Hypertext links for LaTeX

("C:\Program Files\MiKTeX 2.9\tex/generic/oberdiek\hobsub-hyperref.sty"
Package: hobsub-hyperref 2016/05/16 v1.14 Bundle oberdiek, subset hyperref (HO)


("C:\Program Files\MiKTeX 2.9\tex/generic/oberdiek\hobsub-generic.sty"
Package: hobsub-generic 2016/05/16 v1.14 Bundle oberdiek, subset generic (HO)
Package: hobsub 2016/05/16 v1.14 Construct package bundles (HO)
Package: infwarerr 2016/05/16 v1.4 Providing info/warning/error messages (HO)
Package: ltxcmds 2016/05/16 v1.23 LaTeX kernel commands for general use (HO)
Package: ifluatex 2016/05/16 v1.4 Provides the ifluatex switch (HO)
Package ifluatex Info: LuaTeX not detected.
Package hobsub Info: Skipping package `ifvtex' (already loaded).
Package: intcalc 2016/05/16 v1.2 Expandable calculations with integers (HO)
Package hobsub Info: Skipping package `ifpdf' (already loaded).
Package: etexcmds 2016/05/16 v1.6 Avoid name clashes with e-TeX commands (HO)
Package: kvsetkeys 2016/05/16 v1.17 Key value parser (HO)
Package: kvdefinekeys 2016/05/16 v1.4 Define keys (HO)
Package: pdftexcmds 2018/09/10 v0.29 Utility functions of pdfTeX for LuaTeX (HO
)
Package pdftexcmds Info: LuaTeX not detected.
Package pdftexcmds Info: \pdf@primitive is available.
Package pdftexcmds Info: \pdf@ifprimitive is available.
Package pdftexcmds Info: \pdfdraftmode found.
Package: pdfescape 2016/05/16 v1.14 Implements pdfTeX's escape features (HO)
Package: bigintcalc 2016/05/16 v1.4 Expandable calculations on big integers (HO
)
Package: bitset 2016/05/16 v1.2 Handle bit-vector datatype (HO)
Package: uniquecounter 2016/05/16 v1.3 Provide unlimited unique counter (HO)
)
Package hobsub Info: Skipping package `hobsub' (already loaded).
Package: letltxmacro 2016/05/16 v1.5 Let assignment for LaTeX macros (HO)
Package: hopatch 2016/05/16 v1.3 Wrapper for package hooks (HO)
Package: xcolor-patch 2016/05/16 xcolor patch
Package: atveryend 2016/05/16 v1.9 Hooks at the very end of document (HO)
Package: atbegshi 2016/06/09 v1.18 At begin shipout hook (HO)
Package: refcount 2016/05/16 v3.5 Data extraction from label references (HO)
Package: hycolor 2016/05/16 v1.8 Color options for hyperref/bookmark (HO)
)
("C:\Program Files\MiKTeX 2.9\tex/latex/oberdiek\auxhook.sty"
Package: auxhook 2016/05/16 v1.4 Hooks for auxiliary files (HO)
)
("C:\Program Files\MiKTeX 2.9\tex/latex/oberdiek\kvoptions.sty"
Package: kvoptions 2016/05/16 v3.12 Key value format for package options (HO)
)
\@linkdim=\dimen159
\Hy@linkcounter=\count134
\Hy@pagecounter=\count135

("C:\Program Files\MiKTeX 2.9\tex/latex/hyperref\pd1enc.def"
File: pd1enc.def 2018/11/30 v6.88e Hyperref: PDFDocEncoding definition (HO)
Now handling font encoding PD1 ...
... no UTF-8 mapping file for font encoding PD1
)
\Hy@SavedSpaceFactor=\count136

("C:\Program Files\MiKTeX 2.9\tex/latex/00miktex\hyperref.cfg"
File: hyperref.cfg 2002/06/06 v1.2 hyperref configuration of TeXLive
)
Package hyperref Info: Hyper figures OFF on input line 4519.
Package hyperref Info: Link nesting OFF on input line 4524.
Package hyperref Info: Hyper index ON on input line 4527.
Package hyperref Info: Plain pages OFF on input line 4534.
Package hyperref Info: Backreferencing ON on input line 4537.
Package hyperref Info: Implicit mode ON; LaTeX internals redefined.
Package hyperref Info: Bookmarks ON on input line 4772.

("C:\Program Files\MiKTeX 2.9\tex/latex/hyperref\backref.sty"
Package: backref 2016/05/21 v1.39 Bibliographical back referencing

("C:\Program Files\MiKTeX 2.9\tex/latex/oberdiek\rerunfilecheck.sty"
Package: rerunfilecheck 2016/05/16 v1.8 Rerun checks for auxiliary files (HO)
Package uniquecounter Info: New unique counter `rerunfilecheck' on input line 2
82.
))
\c@Hy@tempcnt=\count137

(C:\Users\bruno\AppData\Roaming\MiKTeX\2.9\tex/latex/url\url.sty
\Urlmuskip=\muskip10
Package: url 2013/09/16  ver 3.4  Verb mode for urls, etc.
)
LaTeX Info: Redefining \url on input line 5125.
\XeTeXLinkMargin=\dimen160
\Fld@menulength=\count138
\Field@Width=\dimen161
\Fld@charsize=\dimen162
Package hyperref Info: Hyper figures OFF on input line 6380.
Package hyperref Info: Link nesting OFF on input line 6385.
Package hyperref Info: Hyper index ON on input line 6388.
Package hyperref Info: backreferencing ON on input line 6393.
Package hyperref Info: Link coloring OFF on input line 6400.
Package hyperref Info: Link coloring with OCG OFF on input line 6405.
Package hyperref Info: PDF/A mode OFF on input line 6410.
LaTeX Info: Redefining \ref on input line 6450.
LaTeX Info: Redefining \pageref on input line 6454.
\Hy@abspage=\count139
\c@Item=\count140
\c@Hfootnote=\count141
)
Package hyperref Info: Driver: hpdftex.

("C:\Program Files\MiKTeX 2.9\tex/latex/hyperref\hpdftex.def"
File: hpdftex.def 2018/11/30 v6.88e Hyperref driver for pdfTeX
\Fld@listcount=\count142
\c@bookmark@seq@number=\count143
\Hy@SectionHShift=\skip120
)
Package hyperref Info: Option `colorlinks' set `true' on input line 131.
Package hyperref Info: Option `unicode' set `true' on input line 131.

("C:\Program Files\MiKTeX 2.9\tex/latex/hyperref\puenc.def"
File: puenc.def 2018/11/30 v6.88e Hyperref: PDF Unicode definition (HO)
Now handling font encoding PU ...
... no UTF-8 mapping file for font encoding PU
)
(C:\Users\bruno\AppData\Roaming\MiKTeX\2.9\tex/latex/caption\caption.sty
Package: caption 2018/10/06 v3.3-154 Customizing captions (AR)

(C:\Users\bruno\AppData\Roaming\MiKTeX\2.9\tex/latex/caption\caption3.sty
Package: caption3 2018/09/12 v1.8c caption3 kernel (AR)
Package caption3 Info: TeX engine: e-TeX on input line 64.
\captionmargin=\dimen163
\captionmargin@=\dimen164
\captionwidth=\dimen165
\caption@tempdima=\dimen166
\caption@indent=\dimen167
\caption@parindent=\dimen168
\caption@hangindent=\dimen169
)
\c@caption@flags=\count144
\c@ContinuedFloat=\count145
Package caption Info: float package is loaded.
Package caption Info: hyperref package is loaded.
Package caption Info: longtable package is loaded.

(C:\Users\bruno\AppData\Roaming\MiKTeX\2.9\tex/latex/caption\ltcaption.sty
Package: ltcaption 2018/08/26 v1.4-95 longtable captions (AR)
))
(C:\Users\bruno\AppData\Roaming\MiKTeX\2.9\tex/latex/etoc\etoc.sty
Package: etoc 2019/03/09 v1.09 Completely customisable TOCs (JFB)
\Etoc@toctoks=\toks32
\c@etoc@tocid=\count146
\c@etoc@tocdepth=\count147
\etoc@framed@titlebox=\box74
\etoc@framed@contentsbox=\box75
) (refman.aux)
\openout1 = `refman.aux'.

LaTeX Font Info:    Checking defaults for OML/cmm/m/it on input line 146.
LaTeX Font Info:    ... okay on input line 146.
LaTeX Font Info:    Checking defaults for T1/cmr/m/n on input line 146.
LaTeX Font Info:    ... okay on input line 146.
LaTeX Font Info:    Checking defaults for OT1/cmr/m/n on input line 146.
LaTeX Font Info:    ... okay on input line 146.
LaTeX Font Info:    Checking defaults for OMS/cmsy/m/n on input line 146.
LaTeX Font Info:    ... okay on input line 146.
LaTeX Font Info:    Checking defaults for OMX/cmex/m/n on input line 146.
LaTeX Font Info:    ... okay on input line 146.
LaTeX Font Info:    Checking defaults for U/cmr/m/n on input line 146.
LaTeX Font Info:    ... okay on input line 146.
LaTeX Font Info:    Checking defaults for TS1/cmr/m/n on input line 146.
LaTeX Font Info:    Try loading font information for TS1+cmr on input line 146.

 ("C:\Program Files\MiKTeX 2.9\tex/latex/base\ts1cmr.fd"
File: ts1cmr.fd 2014/09/29 v2.5h Standard LaTeX font definitions
)
LaTeX Font Info:    ... okay on input line 146.
LaTeX Font Info:    Checking defaults for PD1/pdf/m/n on input line 146.
LaTeX Font Info:    ... okay on input line 146.
LaTeX Font Info:    Checking defaults for PU/pdf/m/n on input line 146.
LaTeX Font Info:    ... okay on input line 146.
LaTeX Font Info:    Try loading font information for T1+phv on input line 146.

("C:\Program Files\MiKTeX 2.9\tex/latex/psnfss\t1phv.fd"
File: t1phv.fd 2001/06/04 scalable font definitions for T1/phv.
)
LaTeX Font Info:    Font shape `T1/phv/m/n' will be
(Font)              scaled to size 8.99994pt on input line 146.

(C:\Users\bruno\AppData\Roaming\MiKTeX\2.9\tex/context/base/mkii\supp-pdf.mkii
[Loading MPS to PDF converter (version 2006.09.02).]
\scratchcounter=\count148
\scratchdimen=\dimen170
\scratchbox=\box76
\nofMPsegments=\count149
\nofMParguments=\count150
\everyMPshowfont=\toks33
\MPscratchCnt=\count151
\MPscratchDim=\dimen171
\MPnumerator=\count152
\makeMPintoPDFobject=\count153
\everyMPtoPDFconversion=\toks34
) ("C:\Program Files\MiKTeX 2.9\tex/latex/oberdiek\epstopdf-base.sty"
Package: epstopdf-base 2016/05/15 v2.6 Base part for package epstopdf

("C:\Program Files\MiKTeX 2.9\tex/latex/oberdiek\grfext.sty"
Package: grfext 2016/05/16 v1.2 Manage graphics extensions (HO)
)
Package epstopdf-base Info: Redefining graphics rule for `.eps' on input line 4
38.
Package grfext Info: Graphics extension search list:
(grfext)             [.pdf,.png,.jpg,.mps,.jpeg,.jbig2,.jb2,.PDF,.PNG,.JPG,.JPE
G,.JBIG2,.JB2,.eps]
(grfext)             \AppendGraphicsExtensions on input line 456.
)
*geometry* driver: auto-detecting
*geometry* detected driver: pdftex
*geometry* verbose mode - [ preamble ] result:
* driver: pdftex
* paper: a4paper
* layout: <same size as paper>
* layoutoffset:(h,v)=(0.0pt,0.0pt)
* modes: twoside 
* h-part:(L,W,R)=(71.13188pt, 455.24411pt, 71.13188pt)
* v-part:(T,H,B)=(71.13188pt, 702.78308pt, 71.13188pt)
* \paperwidth=597.50787pt
* \paperheight=845.04684pt
* \textwidth=455.24411pt
* \textheight=702.78308pt
* \oddsidemargin=-1.1381pt
* \evensidemargin=-1.1381pt
* \topmargin=-31.2056pt
* \headheight=12.0pt
* \headsep=18.06749pt
* \topskip=10.0pt
* \footskip=25.29494pt
* \marginparwidth=125.0pt
* \marginparsep=7.0pt
* \columnsep=10.0pt
* \skip\footins=9.0pt plus 4.0pt minus 2.0pt
* \hoffset=0.0pt
* \voffset=0.0pt
* \mag=1000
* \@twocolumnfalse
* \@twosidetrue
* \@mparswitchtrue
* \@reversemarginfalse
* (1in=72.27pt=25.4mm, 1cm=28.453pt)

\AtBeginShipoutBox=\box77
Package backref Info: ** backref set up for natbib ** on input line 146.
Package hyperref Info: Link coloring ON on input line 146.
("C:\Program Files\MiKTeX 2.9\tex/latex/hyperref\nameref.sty"
Package: nameref 2016/05/21 v2.44 Cross-referencing by name of section

("C:\Program Files\MiKTeX 2.9\tex/generic/oberdiek\gettitlestring.sty"
Package: gettitlestring 2016/05/16 v1.5 Cleanup title references (HO)
)
\c@section@level=\count154
)
LaTeX Info: Redefining \ref on input line 146.
LaTeX Info: Redefining \pageref on input line 146.
LaTeX Info: Redefining \nameref on input line 146.

(refman.out) (refman.out)
\@outlinefile=\write5
\openout5 = `refman.out'.

Package caption Info: Begin \AtBeginDocument code.
Package caption Info: End \AtBeginDocument code.
\Etoc@tf=\read3
Package hyperref Info: Option `pageanchor' set `false' on input line 152.
Package hyperref Info: Option `bookmarksnumbered' set `true' on input line 152.

Package hyperref Info: Option `unicode' set `true' on input line 152.
LaTeX Font Info:    Font shape `T1/phv/m/n' will be
(Font)              scaled to size 12.9599pt on input line 157.
LaTeX Font Info:    Font shape `T1/phv/m/n' will be
(Font)              scaled to size 10.79993pt on input line 157.
LaTeX Font Info:    Font shape `T1/phv/m/n' will be
(Font)              scaled to size 6.29996pt on input line 157.
LaTeX Font Info:    Try loading font information for U+msa on input line 157.

("C:\Program Files\MiKTeX 2.9\tex/latex/amsfonts\umsa.fd"
File: umsa.fd 2013/01/14 v3.01 AMS symbols A
)
LaTeX Font Info:    Try loading font information for U+msb on input line 157.

("C:\Program Files\MiKTeX 2.9\tex/latex/amsfonts\umsb.fd"
File: umsb.fd 2013/01/14 v3.01 AMS symbols B
)
LaTeX Font Info:    Try loading font information for U+wasy on input line 157.

(C:\Users\bruno\AppData\Roaming\MiKTeX\2.9\tex/latex/wasysym\uwasy.fd
File: uwasy.fd 2003/10/30 v2.0 Wasy-2 symbol font definitions
) [1


{C:/Users/bruno/AppData/Local/MiKTeX/2.9/pdftex/config/pdftex.map}] [2

]
\tf@toc=\write6
\openout6 = `refman.toc'.

LaTeX Font Info:    Font shape `T1/phv/bx/n' in size <10> not available
(Font)              Font shape `T1/phv/b/n' tried instead on input line 165.
LaTeX Font Info:    Font shape `T1/phv/b/n' will be
(Font)              scaled to size 8.99994pt on input line 165.
LaTeX Font Info:    Font shape `T1/phv/bx/n' in size <7> not available
(Font)              Font shape `T1/phv/b/n' tried instead on input line 165.
LaTeX Font Info:    Font shape `T1/phv/b/n' will be
(Font)              scaled to size 6.29996pt on input line 165.
 [1]
LaTeX Font Info:    Font shape `T1/phv/m/n' will be
(Font)              scaled to size 7.19995pt on input line 165.
LaTeX Font Info:    Try loading font information for T1+pcr on input line 165.

("C:\Program Files\MiKTeX 2.9\tex/latex/psnfss\t1pcr.fd"
File: t1pcr.fd 2001/06/04 font definitions for T1/pcr.
) [2] [3] [4] [5]
[6] [7] [8] [9]
Underfull \hbox (badness 2762) in paragraph at lines 165--165
 [][] [][]\T1/phv/m/n/10 5.3 C[]:/[]Users/bruno/[]Documents/[]Line[]Follower/[]
Project[]_[]u[]Vision/[]Line[]Follower/[]A[]N[]G[]L[]E[]_[][]L[]I[]N[]E[]_[][]S
[]E[]N[]S[]OR.cpp 
 []


Underfull \hbox (badness 10000) in paragraph at lines 165--165
 [][] [][]\T1/phv/m/n/10 5.4 C[]:/[]Users/bruno/[]Documents/[]Line[]Follower/[]
Project[]_[]u[]Vision/[]Line[]Follower/[]A[]N[]G[]L[]E[]_[][]L[]I[]N[]E[]_[][]S
[]E[]N[]S[]OR.h 
 []


Underfull \hbox (badness 10000) in paragraph at lines 165--165
 [][] [][]\T1/phv/m/n/10 5.7 C[]:/[]Users/bruno/[]Documents/[]Line[]Follower/[]
Project[]_[]u[]Vision/[]Line[]Follower/[]F[]O[]L[]L[]O[]W[]I[]N[]G[]_[][]C[]O[]
N[]T[]R[]O[]L[] 
 []


Underfull \hbox (badness 10000) in paragraph at lines 165--165
 [][] [][]\T1/phv/m/n/10 5.8 C[]:/[]Users/bruno/[]Documents/[]Line[]Follower/[]
Project[]_[]u[]Vision/[]Line[]Follower/[]F[]O[]L[]L[]O[]W[]I[]N[]G[]_[][]C[]O[]
N[]T[]R[]O[]L[] 
 []

[10]
Underfull \hbox (badness 10000) in paragraph at lines 165--165
 [][] [][]\T1/phv/m/n/10 5.12 C[]:/[]Users/bruno/[]Documents/[]Line[]Follower/[
]Project[]_[]u[]Vision/[]Line[]Follower/[]K[]I[]N[]E[]M[]A[]T[]I[]C[]_[][]C[]O[
]N[]T[]R[]OL.h 
 []

[11] [12] [13] [14]
Underfull \hbox (badness 10000) in paragraph at lines 165--165
 [][] [][]\T1/phv/m/n/10 5.25 C[]:/[]Users/bruno/[]Documents/[]Line[]Follower/[
]Project[]_[]u[]Vision/[]Line[]Follower/[]R[]E[]F[]L[]E[]C[]T[]A[]N[]C[]E[]_[][
]S[]E[]N[]S[] 
 []


Underfull \hbox (badness 10000) in paragraph at lines 165--165
 [][] [][]\T1/phv/m/n/10 5.26 C[]:/[]Users/bruno/[]Documents/[]Line[]Follower/[
]Project[]_[]u[]Vision/[]Line[]Follower/[]R[]E[]F[]L[]E[]C[]T[]A[]N[]C[]E[]_[][
]S[]E[]N[]S[] 
 []


Underfull \hbox (badness 2846) in paragraph at lines 165--165
 [][] [][]\T1/phv/m/n/10 5.27 C[]:/[]Users/bruno/[]Documents/[]Line[]Follower/[
]Project[]_[]u[]Vision/[]Line[]Follower/[]S[]E[]R[]I[]A[]L[]_[][]C[]O[]M[]M[]U[
]N[]I[]C[]A[]T[]I[] 
 []


Underfull \hbox (badness 2846) in paragraph at lines 165--165
 [][] [][]\T1/phv/m/n/10 5.28 C[]:/[]Users/bruno/[]Documents/[]Line[]Follower/[
]Project[]_[]u[]Vision/[]Line[]Follower/[]S[]E[]R[]I[]A[]L[]_[][]C[]O[]M[]M[]U[
]N[]I[]C[]A[]T[]I[] 
 []

[15] [16]
Package hyperref Info: Option `pageanchor' set `true' on input line 167.

Chapter 1.
LaTeX Font Info:    Font shape `T1/phv/m/n' will be
(Font)              scaled to size 18.66588pt on input line 170.
LaTeX Font Info:    Font shape `T1/phv/bx/n' in size <20.74> not available
(Font)              Font shape `T1/phv/b/n' tried instead on input line 170.
LaTeX Font Info:    Font shape `T1/phv/b/n' will be
(Font)              scaled to size 18.66588pt on input line 170.
LaTeX Font Info:    Font shape `T1/phv/bc/n' will be
(Font)              scaled to size 18.66588pt on input line 170.
LaTeX Font Info:    Font shape `T1/phv/m/n' will be
(Font)              scaled to size 22.39185pt on input line 170.
LaTeX Font Info:    Font shape `T1/phv/bx/n' in size <24.88> not available
(Font)              Font shape `T1/phv/b/n' tried instead on input line 170.
LaTeX Font Info:    Font shape `T1/phv/b/n' will be
(Font)              scaled to size 22.39185pt on input line 170.
LaTeX Font Info:    Font shape `T1/phv/bc/n' will be
(Font)              scaled to size 22.39185pt on input line 170.
(hierarchy.tex
LaTeX Font Info:    Font shape `T1/phv/bx/n' in size <14.4> not available
(Font)              Font shape `T1/phv/b/n' tried instead on input line 1.
LaTeX Font Info:    Font shape `T1/phv/b/n' will be
(Font)              scaled to size 12.9599pt on input line 1.
) [1


] [2

]
Chapter 2.
(annotated.tex) [3] [4

]
Chapter 3.
(files.tex) [5] [6

]
Chapter 4.
(class_a_d_c.tex

pdfTeX warning: pdflatex (file ./class_a_d_c.pdf): PDF inclusion: found PDF ver
sion <1.7>, but at most version <1.5> allowed
 <./class_a_d_c.pdf>
<class_a_d_c.pdf, id=3426, 501.875pt x 803.0pt>
File: class_a_d_c.pdf Graphic file (type pdf)
<use class_a_d_c.pdf>
Package pdftex.def Info: class_a_d_c.pdf  used on input line 10.
(pdftex.def)             Requested size: 35.56367pt x 56.9055pt.
LaTeX Font Info:    Font shape `T1/phv/bx/n' in size <12> not available
(Font)              Font shape `T1/phv/b/n' tried instead on input line 13.
LaTeX Font Info:    Font shape `T1/phv/b/n' will be
(Font)              scaled to size 10.79993pt on input line 13.
LaTeX Font Info:    Try loading font information for TS1+phv on input line 16.
 ("C:\Program Files\MiKTeX 2.9\tex/latex/psnfss\ts1phv.fd"
File: ts1phv.fd 2001/06/04 scalable font definitions for TS1/phv.
)
LaTeX Font Info:    Font shape `TS1/phv/m/n' will be
(Font)              scaled to size 8.99994pt on input line 16.
LaTeX Font Info:    Font shape `T1/pcr/m/it' in size <8> not available
(Font)              Font shape `T1/pcr/m/sl' tried instead on input line 36.
LaTeX Font Info:    Font shape `T1/pcr/m/it' in size <7> not available
(Font)              Font shape `T1/pcr/m/sl' tried instead on input line 36.
[7]) (struct_a_d_c___type_def.tex [8] [9] [10]) (struct_a_f_i_o___type_def.tex
[11]) (class_a_n_g_l_e___l_i_n_e___s_e_n_s_o_r___h.tex [12]

pdfTeX warning: pdflatex (file ./class_a_n_g_l_e___l_i_n_e___s_e_n_s_o_r___h.pd
f): PDF inclusion: found PDF version <1.7>, but at most version <1.5> allowed
 <./class_a_n_g_l_e___l_i_n_e___s_e_n_s_o_r___h.pdf>
<class_a_n_g_l_e___l_i_n_e___s_e_n_s_o_r___h.pdf, id=3533, 501.875pt x 236.885p
t>
File: class_a_n_g_l_e___l_i_n_e___s_e_n_s_o_r___h.pdf Graphic file (type pdf)
<use class_a_n_g_l_e___l_i_n_e___s_e_n_s_o_r___h.pdf>
Package pdftex.def Info: class_a_n_g_l_e___l_i_n_e___s_e_n_s_o_r___h.pdf  used 
on input line 10.
(pdftex.def)             Requested size: 120.55966pt x 56.9055pt.
) (class_communication.tex
[13] [14]) (class_controller.tex [15] [16]) (class_encoder.tex

pdfTeX warning: pdflatex (file ./class_encoder.pdf): PDF inclusion: found PDF v
ersion <1.7>, but at most version <1.5> allowed
 <./class_encoder.pdf>
<class_encoder.pdf, id=3612, 501.875pt x 591.20876pt>
File: class_encoder.pdf Graphic file (type pdf)
<use class_encoder.pdf>
Package pdftex.def Info: class_encoder.pdf  used on input line 10.
(pdftex.def)             Requested size: 48.30656pt x 56.9055pt.
 [17]
LaTeX Font Info:    Font shape `T1/phv/bx/n' in size <8> not available
(Font)              Font shape `T1/phv/b/n' tried instead on input line 58.
LaTeX Font Info:    Font shape `T1/phv/b/n' will be
(Font)              scaled to size 7.19995pt on input line 58.
LaTeX Font Info:    Font shape `T1/pcr/bx/n' in size <8> not available
(Font)              Font shape `T1/pcr/b/n' tried instead on input line 58.
 [18] [19]) (struct_f_l_a_s_h___type_def.tex
[20]) (class_g_p_i_o.tex

pdfTeX warning: pdflatex (file ./class_g_p_i_o.pdf): PDF inclusion: found PDF v
ersion <1.7>, but at most version <1.5> allowed
 <./class_g_p_i_o.pdf>
<class_g_p_i_o.pdf, id=3701, 501.875pt x 803.0pt>
File: class_g_p_i_o.pdf Graphic file (type pdf)
<use class_g_p_i_o.pdf>
Package pdftex.def Info: class_g_p_i_o.pdf  used on input line 10.
(pdftex.def)             Requested size: 35.56367pt x 56.9055pt.
 [21] [22] [23] [24]) (struct_g_p_i_o___s_t_r_u_c_t.tex
[25]) (struct_g_p_i_o___type_def.tex [26]) (class_kinematic.tex [27] [28]
[29] [30] [31]) (class_line___sensor.tex [32]

pdfTeX warning: pdflatex (file ./class_line___sensor.pdf): PDF inclusion: found
 PDF version <1.7>, but at most version <1.5> allowed
 <./class_line___sensor.pdf>
<class_line___sensor.pdf, id=3932, 501.875pt x 236.885pt>
File: class_line___sensor.pdf Graphic file (type pdf)
<use class_line___sensor.pdf>
Package pdftex.def Info: class_line___sensor.pdf  used on input line 10.
(pdftex.def)             Requested size: 120.55966pt x 56.9055pt.

Underfull \hbox (badness 2285) in paragraph at lines 16--18
[][] \T1/phv/m/n/10 ([] Sen-sor1, [] Sen-sor2, [] Sen-
 []


Underfull \hbox (badness 10000) in paragraph at lines 16--18
\T1/phv/m/n/10 sor3, [] Sen-sor4, [] Sen-sor5, [] Sen-sor6,
 []

[33]) (class_motor.tex [34] [35] [36] [37]) (struct_n_v_i_c___type.tex [38]
[39] [40]) (class_p_w_m.tex

pdfTeX warning: pdflatex (file ./class_p_w_m.pdf): PDF inclusion: found PDF ver
sion <1.7>, but at most version <1.5> allowed
 <./class_p_w_m.pdf>
<class_p_w_m.pdf, id=4112, 501.875pt x 787.94376pt>
File: class_p_w_m.pdf Graphic file (type pdf)
<use class_p_w_m.pdf>
Package pdftex.def Info: class_p_w_m.pdf  used on input line 10.
(pdftex.def)             Requested size: 36.24524pt x 56.9055pt.
 [41]) (struct_p_w_r___type_def.tex [42])
(struct_r_c_c___type_def.tex [43] [44]) (class_reflectance___sensor.tex
[45]) (struct_r_t_c___type_def.tex [46] [47] [48]) (class_sys_clock.tex
[49] [50]) (struct_sys_tick___type.tex [51]) (struct_t_i_m___type_def.tex
[52] [53] [54] [55] [56] [57]) (class_timer.tex

pdfTeX warning: pdflatex (file ./class_timer.pdf): PDF inclusion: found PDF ver
sion <1.7>, but at most version <1.5> allowed
 <./class_timer.pdf>
<class_timer.pdf, id=4413, 501.875pt x 296.10625pt>
File: class_timer.pdf Graphic file (type pdf)
<use class_timer.pdf>
Package pdftex.def Info: class_timer.pdf  used on input line 10.
(pdftex.def)             Requested size: 96.44467pt x 56.9055pt.
 [58] [59] [60] [61] [62]) (class_u_s_a_r_t.tex [63]
[64]) (struct_u_s_a_r_t___type_def.tex [65] [66] [67]) [68]
Chapter 5.
(_a_d_c_8cpp.tex) (_a_d_c_8h.tex
Underfull \hbox (badness 10000) in paragraph at lines 3--5

 []

[69

]) (_a_n_g_l_e___l_i_n_e___s_e_n_s_o_r_8cpp.tex)
(_a_n_g_l_e___l_i_n_e___s_e_n_s_o_r_8h.tex
Underfull \hbox (badness 10000) in paragraph at lines 3--4

 []

) (_e_n_c_o_d_e_r_8cpp.tex) (_e_n_c_o_d_e_r_8h.tex
Underfull \hbox (badness 10000) in paragraph at lines 3--5

 []

[70] [71] [72]) (_f_o_l_l_o_w_i_n_g___c_o_n_t_r_o_l_e_r_8cpp.tex)
(_f_o_l_l_o_w_i_n_g___c_o_n_t_r_o_l_e_r_8h.tex
Underfull \hbox (badness 10000) in paragraph at lines 3--5

 []


Package Fancyhdr Warning: \headheight is too small (12.0pt): 
Make it at least 33.97194pt.
We now make it that large for the rest of the document.
This may cause the page layout to be inconsistent, however.

[73] [74]) (_g_p_i_o_8cpp.tex) (_g_p_i_o_8h.tex
Underfull \hbox (badness 10000) in paragraph at lines 3--4

 []

[75]
Overfull \hbox (17.53848pt too wide) in paragraph at lines 21--42
[] \T1/phv/m/n/10 = 0x8, [] = 0x9, []
 []


Overfull \hbox (77.159pt too wide) in paragraph at lines 21--42
[] \T1/phv/m/n/10 = 0xD, [] = 0xE, []
 []

[76] [77] [78]) (_k_i_n_e_m_a_t_i_c___c_o_n_t_r_o_l_8cpp.tex)
(_k_i_n_e_m_a_t_i_c___c_o_n_t_r_o_l_8h.tex
Underfull \hbox (badness 10000) in paragraph at lines 3--6

 []

[79] [80]) (line__follower_8cpp.tex) (_l_i_n_e___s_e_n_s_o_r_8cpp.tex)
(_l_i_n_e___s_e_n_s_o_r_8h.tex
Underfull \hbox (badness 10000) in paragraph at lines 3--4

 []

[81]) (main_8cpp.tex) (malha__aberta_8cpp.tex) (malha__fechada_8cpp.tex
Underfull \hbox (badness 10000) in paragraph at lines 3--18

 []

[82] [83] [84] [85] [86]) (_micro_8c.tex) (_micro_8h.tex
Underfull \hbox (badness 10000) in paragraph at lines 3--4

 []

LaTeX Font Info:    Font shape `T1/phv/m/n' will be
(Font)              scaled to size 8.09995pt on input line 14.
LaTeX Font Info:    Font shape `T1/phv/m/it' in size <9> not available
(Font)              Font shape `T1/phv/m/sl' tried instead on input line 14.
LaTeX Font Info:    Font shape `T1/phv/m/sl' will be
(Font)              scaled to size 8.09995pt on input line 14.
[87] [88]
Overfull \hbox (18.71826pt too wide) in paragraph at lines 174--239
[] \T1/phv/m/n/10 = 12, [] = 13, [] = 14, []
 []

[89] [90] [91] [92] [93] [94] [95] [96] [97] [98] [99]) (_m_o_t_o_r_8cpp.tex)
(_m_o_t_o_r_8h.tex
Underfull \hbox (badness 10000) in paragraph at lines 3--5

 []

[100] [101] [102]) (_p_w_m_8cpp.tex) (_p_w_m_8h.tex
Underfull \hbox (badness 10000) in paragraph at lines 3--5

 []

[103]) (_r_e_f_l_e_c_t_a_n_c_e___s_e_n_s_o_r_8cpp.tex)
(_r_e_f_l_e_c_t_a_n_c_e___s_e_n_s_o_r_8h.tex
Underfull \hbox (badness 10000) in paragraph at lines 3--4

 []

) (_s_e_r_i_a_l___c_o_m_m_u_n_i_c_a_t_i_o_n_8cpp.tex)
(_s_e_r_i_a_l___c_o_m_m_u_n_i_c_a_t_i_o_n_8h.tex
Underfull \hbox (badness 10000) in paragraph at lines 3--5

 []

[104] [105] [106]) (_sys_clock_8cpp.tex) (_sys_clock_8h.tex
Underfull \hbox (badness 10000) in paragraph at lines 3--5

 []

[107]) (testes_8cpp.tex) (_t_i_m_e_r_8cpp.tex) (_t_i_m_e_r_8h.tex
Underfull \vbox (badness 10000) has occurred while \output is active []

 [108]
Underfull \hbox (badness 10000) in paragraph at lines 3--5

 []

[109] [110]) (_u_s_a_r_t_8cpp.tex
Underfull \hbox (badness 10000) in paragraph at lines 3--4

 []

) (_u_s_a_r_t_8h.tex
Underfull \hbox (badness 10000) in paragraph at lines 3--5

 []

[111]) [112] (refman.ind [113



]
Overfull \hbox (97.84415pt too wide) in paragraph at lines 199--201
[]\T1/phv/m/n/10 C:/Users/bruno/Documents/LineFollower/Project_uVision/LineFoll
ower/ADC.cpp,
 []


Overfull \hbox (88.34027pt too wide) in paragraph at lines 201--203
[]\T1/phv/m/n/10 C:/Users/bruno/Documents/LineFollower/Project_uVision/LineFoll
ower/ADC.h,
 []


Overfull \hbox (177.6456pt too wide) in paragraph at lines 203--205
[]\T1/phv/m/n/10 C:/Users/bruno/Documents/LineFollower/Project_uVision/LineFoll
ower/ANGLE_LINE_SENSOR.cpp,
 []


Overfull \hbox (168.14172pt too wide) in paragraph at lines 205--207
[]\T1/phv/m/n/10 C:/Users/bruno/Documents/LineFollower/Project_uVision/LineFoll
ower/ANGLE_LINE_SENSOR.h,
 []


Overfull \hbox (124.11469pt too wide) in paragraph at lines 207--209
[]\T1/phv/m/n/10 C:/Users/bruno/Documents/LineFollower/Project_uVision/LineFoll
ower/ENCODER.cpp,
 []


Overfull \hbox (114.61081pt too wide) in paragraph at lines 209--211
[]\T1/phv/m/n/10 C:/Users/bruno/Documents/LineFollower/Project_uVision/LineFoll
ower/ENCODER.h,
 []


Overfull \hbox (194.17856pt too wide) in paragraph at lines 211--213
[]\T1/phv/m/n/10 C:/Users/bruno/Documents/LineFollower/Project_uVision/LineFoll
ower/FOLLOWING_CONTROLER.cpp,
 []


Overfull \hbox (184.67468pt too wide) in paragraph at lines 213--215
[]\T1/phv/m/n/10 C:/Users/bruno/Documents/LineFollower/Project_uVision/LineFoll
ower/FOLLOWING_CONTROLER.h,
 []


Overfull \hbox (101.26393pt too wide) in paragraph at lines 215--217
[]\T1/phv/m/n/10 C:/Users/bruno/Documents/LineFollower/Project_uVision/LineFoll
ower/GPIO.cpp,
 []


Overfull \hbox (91.76006pt too wide) in paragraph at lines 217--219
[]\T1/phv/m/n/10 C:/Users/bruno/Documents/LineFollower/Project_uVision/LineFoll
ower/GPIO.h,
 []


Overfull \hbox (175.86383pt too wide) in paragraph at lines 219--221
[]\T1/phv/m/n/10 C:/Users/bruno/Documents/LineFollower/Project_uVision/LineFoll
ower/KINEMATIC_CONTROL.cpp,
 []


Overfull \hbox (166.35995pt too wide) in paragraph at lines 221--223
[]\T1/phv/m/n/10 C:/Users/bruno/Documents/LineFollower/Project_uVision/LineFoll
ower/KINEMATIC_CONTROL.h,
 []


Overfull \hbox (128.1825pt too wide) in paragraph at lines 223--225
[]\T1/phv/m/n/10 C:/Users/bruno/Documents/LineFollower/Project_uVision/LineFoll
ower/line_follower.cpp,
 []

[114]
Overfull \hbox (142.13223pt too wide) in paragraph at lines 225--227
[]\T1/phv/m/n/10 C:/Users/bruno/Documents/LineFollower/Project_uVision/LineFoll
ower/LINE_SENSOR.cpp,
 []


Overfull \hbox (132.62836pt too wide) in paragraph at lines 227--229
[]\T1/phv/m/n/10 C:/Users/bruno/Documents/LineFollower/Project_uVision/LineFoll
ower/LINE_SENSOR.h,
 []


Overfull \hbox (98.61803pt too wide) in paragraph at lines 229--231
[]\T1/phv/m/n/10 C:/Users/bruno/Documents/LineFollower/Project_uVision/LineFoll
ower/main.cpp,
 []


Overfull \hbox (134.5002pt too wide) in paragraph at lines 231--233
[]\T1/phv/m/n/10 C:/Users/bruno/Documents/LineFollower/Project_uVision/LineFoll
ower/malha_aberta.cpp,
 []


Overfull \hbox (140.37729pt too wide) in paragraph at lines 233--235
[]\T1/phv/m/n/10 C:/Users/bruno/Documents/LineFollower/Project_uVision/LineFoll
ower/malha_fechada.cpp,
 []


Overfull \hbox (90.74329pt too wide) in paragraph at lines 235--237
[]\T1/phv/m/n/10 C:/Users/bruno/Documents/LineFollower/Project_uVision/LineFoll
ower/Micro.c,
 []


Overfull \hbox (91.24722pt too wide) in paragraph at lines 237--239
[]\T1/phv/m/n/10 C:/Users/bruno/Documents/LineFollower/Project_uVision/LineFoll
ower/Micro.h,
 []


Overfull \hbox (111.893pt too wide) in paragraph at lines 239--241
[]\T1/phv/m/n/10 C:/Users/bruno/Documents/LineFollower/Project_uVision/LineFoll
ower/MOTOR.cpp,
 []


Overfull \hbox (102.38913pt too wide) in paragraph at lines 241--243
[]\T1/phv/m/n/10 C:/Users/bruno/Documents/LineFollower/Project_uVision/LineFoll
ower/MOTOR.h,
 []


Overfull \hbox (101.11102pt too wide) in paragraph at lines 243--245
[]\T1/phv/m/n/10 C:/Users/bruno/Documents/LineFollower/Project_uVision/LineFoll
ower/PWM.cpp,
 []


Overfull \hbox (91.60715pt too wide) in paragraph at lines 245--247
[]\T1/phv/m/n/10 C:/Users/bruno/Documents/LineFollower/Project_uVision/LineFoll
ower/PWM.h,
 []


Overfull \hbox (187.0507pt too wide) in paragraph at lines 247--249
[]\T1/phv/m/n/10 C:/Users/bruno/Documents/LineFollower/Project_uVision/LineFoll
ower/REFLECTANCE_SENSOR.cpp,
 []


Overfull \hbox (177.54683pt too wide) in paragraph at lines 249--251
[]\T1/phv/m/n/10 C:/Users/bruno/Documents/LineFollower/Project_uVision/LineFoll
ower/REFLECTANCE_SENSOR.h,
 []


Overfull \hbox (193.04445pt too wide) in paragraph at lines 251--253
[]\T1/phv/m/n/10 C:/Users/bruno/Documents/LineFollower/Project_uVision/LineFoll
ower/SERIAL_COMMUNICATION.cpp,
 []


Overfull \hbox (183.54057pt too wide) in paragraph at lines 253--255
[]\T1/phv/m/n/10 C:/Users/bruno/Documents/LineFollower/Project_uVision/LineFoll
ower/SERIAL_COMMUNICATION.h,
 []


Overfull \hbox (116.43794pt too wide) in paragraph at lines 255--257
[]\T1/phv/m/n/10 C:/Users/bruno/Documents/LineFollower/Project_uVision/LineFoll
ower/SysClock.cpp,
 []


Overfull \hbox (106.93407pt too wide) in paragraph at lines 257--259
[]\T1/phv/m/n/10 C:/Users/bruno/Documents/LineFollower/Project_uVision/LineFoll
ower/SysClock.h,
 []


Overfull \hbox (102.99197pt too wide) in paragraph at lines 259--261
[]\T1/phv/m/n/10 C:/Users/bruno/Documents/LineFollower/Project_uVision/LineFoll
ower/testes.cpp,
 []


Overfull \hbox (107.1139pt too wide) in paragraph at lines 261--263
[]\T1/phv/m/n/10 C:/Users/bruno/Documents/LineFollower/Project_uVision/LineFoll
ower/TIMER.cpp,
 []


Overfull \hbox (97.61003pt too wide) in paragraph at lines 263--265
[]\T1/phv/m/n/10 C:/Users/bruno/Documents/LineFollower/Project_uVision/LineFoll
ower/TIMER.h,
 []


Overfull \hbox (108.26602pt too wide) in paragraph at lines 265--267
[]\T1/phv/m/n/10 C:/Users/bruno/Documents/LineFollower/Project_uVision/LineFoll
ower/USART.cpp,
 []


Overfull \hbox (98.76215pt too wide) in paragraph at lines 267--269
[]\T1/phv/m/n/10 C:/Users/bruno/Documents/LineFollower/Project_uVision/LineFoll
ower/USART.h,
 []

[115] [116] [117] [118] [119] [120] [121] [122] [123] [124] [125] [126]
[127] [128] [129] [130

])
Package atveryend Info: Empty hook `BeforeClearDocument' on input line 249.
Package atveryend Info: Empty hook `AfterLastShipout' on input line 249.
 (refman.aux)
Package atveryend Info: Executing hook `AtVeryEndDocument' on input line 249.
Package atveryend Info: Executing hook `AtEndAfterFileList' on input line 249.
Package rerunfilecheck Info: File `refman.out' has not changed.
(rerunfilecheck)             Checksum: 9274A4685B468BD1BC5C6043143E11F7;127909.

 ) 
Here is how much of TeX's memory you used:
 19571 strings out of 492946
 354430 string characters out of 3135628
 679479 words of memory out of 3000000
 21500 multiletter control sequences out of 15000+200000
 58365 words of font info for 82 fonts, out of 3000000 for 9000
 1141 hyphenation exceptions out of 8191
 53i,16n,92p,3752b,666s stack positions out of 5000i,500n,10000p,200000b,50000s
{C:/Program Files/MiKTeX 2.9/fonts/enc/dvips/base/8r.enc}<C:/Program Files/Mi
KTeX 2.9/fonts/type1/public/amsfonts/cm/cmmi10.pfb><C:/Program Files/MiKTeX 2.9
/fonts/type1/public/amsfonts/cm/cmmi7.pfb><C:/Program Files/MiKTeX 2.9/fonts/ty
pe1/public/amsfonts/cm/cmsy10.pfb><C:/Program Files/MiKTeX 2.9/fonts/type1/publ
ic/amsfonts/cm/cmsy7.pfb><C:/Program Files/MiKTeX 2.9/fonts/type1/public/amsfon
ts/cm/cmsy8.pfb><C:/Program Files/MiKTeX 2.9/fonts/type1/urw/courier/ucrb8a.pfb
><C:/Program Files/MiKTeX 2.9/fonts/type1/urw/courier/ucrr8a.pfb><C:/Program Fi
les/MiKTeX 2.9/fonts/type1/urw/courier/ucrro8a.pfb><C:/Program Files/MiKTeX 2.9
/fonts/type1/urw/helvetic/uhvb8a.pfb><C:/Program Files/MiKTeX 2.9/fonts/type1/u
rw/helvetic/uhvb8ac.pfb><C:/Program Files/MiKTeX 2.9/fonts/type1/urw/helvetic/u
hvr8a.pfb><C:/Program Files/MiKTeX 2.9/fonts/type1/urw/helvetic/uhvro8a.pfb>
Output written on refman.pdf (148 pages, 1430077 bytes).
PDF statistics:
 7544 PDF objects out of 8907 (max. 8388607)
 1571 named destinations out of 1728 (max. 500000)
 5012 words of extra memory for PDF output out of 10000 (max. 10000000)

