


ARM Macro Assembler    Page 1 


    1 00000000 40021000 
                       RCC     EQU              0x40021000
    2 00000000 40021018 
                       RCC_APB2ENR
                               EQU              RCC + 0x18
    3 00000000 40011000 
                       PORTC_BASE
                               EQU              0x40011000
    4 00000000 40011000 
                       GPIOC_CRL
                               EQU              PORTC_BASE
    5 00000000 40011004 
                       GPIOC_CRH
                               EQU              PORTC_BASE + 0x04
    6 00000000 40011008 
                       GPIOC_IDR
                               EQU              PORTC_BASE + 0x08
    7 00000000 4001100C 
                       GPIOC_ODR
                               EQU              PORTC_BASE + 0x0C
    8 00000000 40011010 
                       GPIOC_BSRR
                               EQU              PORTC_BASE + 0x10
    9 00000000 40011014 
                       GPIOC_BSR
                               EQU              PORTC_BASE + 0x14
   10 00000000 40011018 
                       GPIOC_LCKR
                               EQU              PORTC_BASE + 0x18
   11 00000000         
   12 00000000                 AREA             RESET, DATA, READONLY ;Define a
                                                             AREA called RESET 
                                                            of type DATA and RE
                                                            ADONLY
   13 00000000         
   14 00000000                 EXPORT           __Vectors
   15 00000000         
   16 00000000 20002000 
                       __Vectors
                               DCD              0x20002000
   17 00000004 00000000        DCD              Reset_Handler
   18 00000008         
   19 00000008                 ALIGN
   20 00000008         
   21 00000008                 AREA             |.text|, CODE, READONLY, ALIGN=
2
   22 00000000                 THUMB
   23 00000000         
   24 00000000                 EXPORT           Reset_Handler
   25 00000000         
   26 00000000         Reset_Handler
   27 00000000         
   28 00000000         ;---------------------branches to main in C file--------
                       -------------------      
   29 00000000                 IMPORT           main
   30 00000000         
   31 00000000 4811            LDR              R0, =main
   32 00000002 4700            BX               R0
   33 00000004         ;-------------------------------------------------------



ARM Macro Assembler    Page 2 


                       ------------------
   34 00000004         
   35 00000004         
   36 00000004         
   37 00000004 F000 F805       BL               GPIOF_Init
   38 00000008         
   39 00000008         loop
   40 00000008 F000 F818       BL               LIGHT_ON
   41 0000000C F000 F810       BL               LIGHT_OFF
   42 00000010 E7FA    FIM     B                loop
   43 00000012         
   44 00000012         GPIOF_Init
   45 00000012 490E            LDR              R1, =RCC_APB2ENR
   46 00000014 6808            LDR              R0, [R1]
   47 00000016 F040 0010       ORR              R0, R0, #0x10
   48 0000001A 6008            STR              R0, [R1]
   49 0000001C BF00            NOP
   50 0000001E BF00            NOP
   51 00000020 490B            LDR              R1, =GPIOC_CRH
   52 00000022 6808            LDR              R0, [R1]
   53 00000024 F440 00E0       ORR              R0, R0, #0x00700000
   54 00000028 F420 0040       AND              R0, R0, #0xFF3FFFFF
   55 0000002C 6008            STR              R0, [R1]
   56 0000002E         
   57 0000002E 4770            BX               LR
   58 00000030         
   59 00000030         LIGHT_OFF
   60 00000030 4908            LDR              R1, =GPIOC_BSRR
   61 00000032 6808            LDR              R0, [R1]
   62 00000034 F440 5000       ORR              R0, R0, #0x2000
   63 00000038 6008            STR              R0, [R1]
   64 0000003A 4770            BX               LR
   65 0000003C         
   66 0000003C         LIGHT_ON
   67 0000003C 4906            LDR              R1, =GPIOC_ODR
   68 0000003E 6808            LDR              R0, [R1]
   69 00000040 F420 5000       AND              R0, R0, #0xFFFFDFFF
   70 00000044 6008            STR              R0, [R1]
   71 00000046 4770            BX               LR
   72 00000048         
   73 00000048                 ALIGN
   74 00000048                 END
              00000000 
              40021018 
              40011004 
              40011010 
              4001100C 
Command Line: --debug --xref --diag_suppress=9931 --cpu=Cortex-M3 --apcs=interw
ork --depend=.\objects\program.d -o.\objects\program.o -I.\RTE\_Target_1 -IC:\K
eil_v5\ARM\PACK\Keil\STM32F1xx_DFP\2.2.0\Device\Include -IC:\Keil_v5\ARM\CMSIS\
Include --predefine="__EVAL SETA 1" --predefine="__UVISION_VERSION SETA 525" --
predefine="STM32F10X_MD SETA 1" --list=.\listings\program.lst program.s



ARM Macro Assembler    Page 1 Alphabetic symbol ordering
Relocatable symbols

RESET 00000000

Symbol: RESET
   Definitions
      At line 12 in file program.s
   Uses
      None
Comment: RESET unused
__Vectors 00000000

Symbol: __Vectors
   Definitions
      At line 16 in file program.s
   Uses
      At line 14 in file program.s
Comment: __Vectors used once
2 symbols



ARM Macro Assembler    Page 1 Alphabetic symbol ordering
Relocatable symbols

.text 00000000

Symbol: .text
   Definitions
      At line 21 in file program.s
   Uses
      None
Comment: .text unused
FIM 00000010

Symbol: FIM
   Definitions
      At line 42 in file program.s
   Uses
      None
Comment: FIM unused
GPIOF_Init 00000012

Symbol: GPIOF_Init
   Definitions
      At line 44 in file program.s
   Uses
      At line 37 in file program.s
Comment: GPIOF_Init used once
LIGHT_OFF 00000030

Symbol: LIGHT_OFF
   Definitions
      At line 59 in file program.s
   Uses
      At line 41 in file program.s
Comment: LIGHT_OFF used once
LIGHT_ON 0000003C

Symbol: LIGHT_ON
   Definitions
      At line 66 in file program.s
   Uses
      At line 40 in file program.s
Comment: LIGHT_ON used once
Reset_Handler 00000000

Symbol: Reset_Handler
   Definitions
      At line 26 in file program.s
   Uses
      At line 17 in file program.s
      At line 24 in file program.s

loop 00000008

Symbol: loop
   Definitions
      At line 39 in file program.s
   Uses
      At line 42 in file program.s
Comment: loop used once
7 symbols



ARM Macro Assembler    Page 1 Alphabetic symbol ordering
Absolute symbols

GPIOC_BSR 40011014

Symbol: GPIOC_BSR
   Definitions
      At line 9 in file program.s
   Uses
      None
Comment: GPIOC_BSR unused
GPIOC_BSRR 40011010

Symbol: GPIOC_BSRR
   Definitions
      At line 8 in file program.s
   Uses
      At line 60 in file program.s
Comment: GPIOC_BSRR used once
GPIOC_CRH 40011004

Symbol: GPIOC_CRH
   Definitions
      At line 5 in file program.s
   Uses
      At line 51 in file program.s
Comment: GPIOC_CRH used once
GPIOC_CRL 40011000

Symbol: GPIOC_CRL
   Definitions
      At line 4 in file program.s
   Uses
      None
Comment: GPIOC_CRL unused
GPIOC_IDR 40011008

Symbol: GPIOC_IDR
   Definitions
      At line 6 in file program.s
   Uses
      None
Comment: GPIOC_IDR unused
GPIOC_LCKR 40011018

Symbol: GPIOC_LCKR
   Definitions
      At line 10 in file program.s
   Uses
      None
Comment: GPIOC_LCKR unused
GPIOC_ODR 4001100C

Symbol: GPIOC_ODR
   Definitions
      At line 7 in file program.s
   Uses
      At line 67 in file program.s
Comment: GPIOC_ODR used once
PORTC_BASE 40011000

Symbol: PORTC_BASE



ARM Macro Assembler    Page 2 Alphabetic symbol ordering
Absolute symbols

   Definitions
      At line 3 in file program.s
   Uses
      At line 4 in file program.s
      At line 5 in file program.s
      At line 6 in file program.s
      At line 7 in file program.s
      At line 8 in file program.s
      At line 9 in file program.s
      At line 10 in file program.s

RCC 40021000

Symbol: RCC
   Definitions
      At line 1 in file program.s
   Uses
      At line 2 in file program.s
Comment: RCC used once
RCC_APB2ENR 40021018

Symbol: RCC_APB2ENR
   Definitions
      At line 2 in file program.s
   Uses
      At line 45 in file program.s
Comment: RCC_APB2ENR used once
10 symbols



ARM Macro Assembler    Page 1 Alphabetic symbol ordering
External symbols

main 00000000

Symbol: main
   Definitions
      At line 29 in file program.s
   Uses
      At line 31 in file program.s
Comment: main used once
1 symbol
355 symbols in table
